Using pre-set license
Built from '2020.3/release' branch; Version is '2020.3.15f2 (6cf78cb77498) revision 7141260'; Using compiler version '192528614'; Build Type 'Release'
OS: 'Windows 10 Home Single Language; OS build 19044.1889; Version 2009; 64bit' Language: 'tr' Physical Memory: 16207 MB
BatchMode: 1, IsHumanControllingUs: 0, StartBugReporterOnCrash: 0, Is64bit: 1, IsPro: 0

 COMMAND LINE ARGUMENTS:
C:\Program Files\Unity\Hub\Editor\2020.3.15f2\Editor\Unity.exe
-adb2
-batchMode
-noUpm
-name
AssetImportWorker0
-projectPath
C:/Users/batuh/Desktop/UnityProjects/AlictusTestCase/DeepClean3D
-logFile
Logs/AssetImportWorker0.log
-srvPort
60029
Successfully changed project path to: C:/Users/batuh/Desktop/UnityProjects/AlictusTestCase/DeepClean3D
C:/Users/batuh/Desktop/UnityProjects/AlictusTestCase/DeepClean3D
Using Asset Import Pipeline V2.
Refreshing native plugins compatible for Editor in 50.44 ms, found 2 plugins.
Preloading 0 native plugins for Editor in 0.00 ms.
Initialize engine version: 2020.3.15f2 (6cf78cb77498)
[Subsystems] Discovering subsystems at path C:/Program Files/Unity/Hub/Editor/2020.3.15f2/Editor/Data/Resources/UnitySubsystems
[Subsystems] Discovering subsystems at path C:/Users/batuh/Desktop/UnityProjects/AlictusTestCase/DeepClean3D/Assets
GfxDevice: creating device client; threaded=0
Direct3D:
    Version:  Direct3D 11.0 [level 11.1]
    Renderer: NVIDIA GeForce RTX 3060 Laptop GPU (ID=0x2520)
    Vendor:   
    VRAM:     6023 MB
    Driver:   30.0.15.1289
Initialize mono
Mono path[0] = 'C:/Program Files/Unity/Hub/Editor/2020.3.15f2/Editor/Data/Managed'
Mono path[1] = 'C:/Program Files/Unity/Hub/Editor/2020.3.15f2/Editor/Data/MonoBleedingEdge/lib/mono/unityjit'
Mono config path = 'C:/Program Files/Unity/Hub/Editor/2020.3.15f2/Editor/Data/MonoBleedingEdge/etc'
Using monoOptions --debugger-agent=transport=dt_socket,embedding=1,server=y,suspend=n,address=127.0.0.1:56160
Begin MonoManager ReloadAssembly
Registering precompiled unity dll's ...
Register platform support module: C:/Program Files/Unity/Hub/Editor/2020.3.15f2/Editor/Data/PlaybackEngines/WindowsStandaloneSupport/UnityEditor.WindowsStandalone.Extensions.dll
Registered in 0.001583 seconds.
Native extension for WindowsStandalone target not found
Refreshing native plugins compatible for Editor in 50.50 ms, found 2 plugins.
Preloading 0 native plugins for Editor in 0.00 ms.
Mono: successfully reloaded assembly
- Completed reload, in  0.985 seconds
Domain Reload Profiling:
	ReloadAssembly (985ms)
		BeginReloadAssembly (46ms)
			ExecutionOrderSort (0ms)
			DisableScriptedObjects (0ms)
			BackupInstance (0ms)
			ReleaseScriptingObjects (0ms)
			CreateAndSetChildDomain (1ms)
		EndReloadAssembly (390ms)
			LoadAssemblies (44ms)
			RebuildTransferFunctionScriptingTraits (0ms)
			SetupTypeCache (137ms)
			ReleaseScriptCaches (0ms)
			RebuildScriptCaches (29ms)
			SetupLoadedEditorAssemblies (162ms)
				LogAssemblyErrors (0ms)
				InitializePlatformSupportModulesInManaged (4ms)
				SetLoadedEditorAssemblies (0ms)
				RefreshPlugins (51ms)
				BeforeProcessingInitializeOnLoad (10ms)
				ProcessInitializeOnLoadAttributes (72ms)
				ProcessInitializeOnLoadMethodAttributes (25ms)
				AfterProcessingInitializeOnLoad (0ms)
				EditorAssembliesLoaded (0ms)
			ExecutionOrderSort2 (0ms)
			AwakeInstancesAfterBackupRestoration (0ms)
Platform modules already initialized, skipping
Registering precompiled user dll's ...
Registered in 0.004793 seconds.
Begin MonoManager ReloadAssembly
Native extension for WindowsStandalone target not found
Refreshing native plugins compatible for Editor in 46.08 ms, found 2 plugins.
Preloading 0 native plugins for Editor in 0.00 ms.
Mono: successfully reloaded assembly
- Completed reload, in  1.279 seconds
Domain Reload Profiling:
	ReloadAssembly (1280ms)
		BeginReloadAssembly (138ms)
			ExecutionOrderSort (0ms)
			DisableScriptedObjects (4ms)
			BackupInstance (0ms)
			ReleaseScriptingObjects (0ms)
			CreateAndSetChildDomain (16ms)
		EndReloadAssembly (1088ms)
			LoadAssemblies (81ms)
			RebuildTransferFunctionScriptingTraits (0ms)
			SetupTypeCache (291ms)
			ReleaseScriptCaches (1ms)
			RebuildScriptCaches (49ms)
			SetupLoadedEditorAssemblies (558ms)
				LogAssemblyErrors (0ms)
				InitializePlatformSupportModulesInManaged (4ms)
				SetLoadedEditorAssemblies (0ms)
				RefreshPlugins (46ms)
				BeforeProcessingInitializeOnLoad (89ms)
				ProcessInitializeOnLoadAttributes (410ms)
				ProcessInitializeOnLoadMethodAttributes (4ms)
				AfterProcessingInitializeOnLoad (6ms)
				EditorAssembliesLoaded (0ms)
			ExecutionOrderSort2 (0ms)
			AwakeInstancesAfterBackupRestoration (5ms)
Platform modules already initialized, skipping
========================================================================
Worker process is ready to serve import requests
Shader 'Universal Render Pipeline/Particles/Lit': fallback shader 'Universal Render Pipeline/Particles/SimpleLit' not found
Shader 'Universal Render Pipeline/Particles/Lit': fallback shader 'Universal Render Pipeline/Particles/SimpleLit' not found
Launched and connected shader compiler UnityShaderCompiler.exe after 0.04 seconds
Refreshing native plugins compatible for Editor in 0.55 ms, found 2 plugins.
Preloading 0 native plugins for Editor in 0.00 ms.
Unloading 2880 Unused Serialized files (Serialized files now loaded: 0)
System memory in use before: 131.3 MB.
System memory in use after: 128.7 MB.

Unloading 54 unused Assets to reduce memory usage. Loaded Objects now: 3286.
Total: 4.338400 ms (FindLiveObjects: 0.291200 ms CreateObjectMapping: 0.142100 ms MarkObjects: 2.770600 ms  DeleteObjects: 1.133600 ms)

AssetImportParameters requested are different than current active one (requested -> active):
  custom:framework-win-MediaFoundation: 216162199b28c13a410421893ffa2e32 -> 
  custom:video-decoder-ogg-theora: a1e56fd34408186e4bbccfd4996cb3dc -> 
  custom:container-muxer-webm: aa71ff27fc2769a1b78a27578f13a17b -> 
  custom:container-demuxer-webm: 4f35f7cbe854078d1ac9338744f61a02 -> 
  custom:container-demuxer-ogg: 62fdf1f143b41e24485cea50d1cbac27 -> 
  custom:video-encoder-webm-vp8: eb34c28f22e8b96e1ab97ce403110664 -> 
  custom:video-decoder-webm-vp8: 9c59270c3fd7afecdb556c50c9e8de78 -> 
  custom:audio-decoder-ogg-vorbis: bf7c407c2cedff20999df2af8eb42d56 -> 
  custom:audio-encoder-webm-vorbis: bf7c407c2cedff20999df2af8eb42d56 -> 
========================================================================
Received Import Request.
  path: Assets/Materials/CheeseTexture.mat
  artifactKey: Guid(f771790e428be6548a416e48437a3eec) Importer(815301076,1909f56bfc062723c751e8b465ee728b)
Start importing Assets/Materials/CheeseTexture.mat using Guid(f771790e428be6548a416e48437a3eec) Importer(815301076,1909f56bfc062723c751e8b465ee728b)  -> (artifact id: '61e7af3853fe236af311aabb22a8c793') in 0.290771 seconds 
  Import took 0.295425 seconds .

========================================================================
Received Import Request.
  Time since last request: 3.475350 seconds.
  path: Assets/PaintIn3D/InGame/Examples/Textures/Albedo_Black.png
  artifactKey: Guid(d5d21b7e83440324f990718c82363b34) Importer(815301076,1909f56bfc062723c751e8b465ee728b)
Start importing Assets/PaintIn3D/InGame/Examples/Textures/Albedo_Black.png using Guid(d5d21b7e83440324f990718c82363b34) Importer(815301076,1909f56bfc062723c751e8b465ee728b)  -> (artifact id: 'da3e22df4bd1fc20e9cf12fb75cc0ca2') in 0.045891 seconds 
  Import took 0.050274 seconds .

========================================================================
Received Import Request.
  Time since last request: 0.000141 seconds.
  path: Assets/PaintIn3D/InGame/Examples/Textures/Crate3.png
  artifactKey: Guid(3c39d7b570c76144c94d53bd85ca1c96) Importer(815301076,1909f56bfc062723c751e8b465ee728b)
Start importing Assets/PaintIn3D/InGame/Examples/Textures/Crate3.png using Guid(3c39d7b570c76144c94d53bd85ca1c96) Importer(815301076,1909f56bfc062723c751e8b465ee728b)  -> (artifact id: 'ed73cd83f76e8f9607ca04134346ec61') in 0.046423 seconds 
  Import took 0.050380 seconds .

========================================================================
Received Import Request.
  Time since last request: 0.000172 seconds.
  path: Assets/PaintIn3D/InGame/Examples/Textures/Albedo_Grey.png
  artifactKey: Guid(e56a162c9544ad243b649a193c316597) Importer(815301076,1909f56bfc062723c751e8b465ee728b)
Start importing Assets/PaintIn3D/InGame/Examples/Textures/Albedo_Grey.png using Guid(e56a162c9544ad243b649a193c316597) Importer(815301076,1909f56bfc062723c751e8b465ee728b)  -> (artifact id: '6997d15004c6a937a4c2cdf5d8ac8062') in 0.011080 seconds 
  Import took 0.015476 seconds .

========================================================================
Received Import Request.
  Time since last request: 0.000146 seconds.
  path: Assets/PaintIn3D/InGame/Examples/Textures/Albedo_Cyan.png
  artifactKey: Guid(25b967b213150a64fafe5369ba636e3c) Importer(815301076,1909f56bfc062723c751e8b465ee728b)
Start importing Assets/PaintIn3D/InGame/Examples/Textures/Albedo_Cyan.png using Guid(25b967b213150a64fafe5369ba636e3c) Importer(815301076,1909f56bfc062723c751e8b465ee728b)  -> (artifact id: '6cc600b357342e760bbfcf0be7d81bf3') in 0.011408 seconds 
  Import took 0.015544 seconds .

========================================================================
Received Import Request.
  Time since last request: 0.000142 seconds.
  path: Assets/PaintIn3D/InGame/Examples/Elements/Blur.png
  artifactKey: Guid(4db44ecf6dc5a934495924b6cf33b8e8) Importer(815301076,1909f56bfc062723c751e8b465ee728b)
Start importing Assets/PaintIn3D/InGame/Examples/Elements/Blur.png using Guid(4db44ecf6dc5a934495924b6cf33b8e8) Importer(815301076,1909f56bfc062723c751e8b465ee728b)  -> (artifact id: '024b5540f7520ebfab15f48aa4f0fed1') in 0.027022 seconds 
  Import took 0.031120 seconds .

========================================================================
Received Import Request.
  Time since last request: 0.000248 seconds.
  path: Assets/PaintIn3D/InGame/Examples/Elements/Brush.png
  artifactKey: Guid(442a55498fd0aa24db26e0bb31970c81) Importer(815301076,1909f56bfc062723c751e8b465ee728b)
Start importing Assets/PaintIn3D/InGame/Examples/Elements/Brush.png using Guid(442a55498fd0aa24db26e0bb31970c81) Importer(815301076,1909f56bfc062723c751e8b465ee728b)  -> (artifact id: '0d4a48414e6a02e943085fd31dd793ed') in 0.017558 seconds 
  Import took 0.022699 seconds .

========================================================================
Received Import Request.
  Time since last request: 0.000163 seconds.
  path: Assets/PaintIn3D/InGame/Examples/Decals/Arrow.png
  artifactKey: Guid(34fbed79c0264c7409cdc9d59cd885a0) Importer(815301076,1909f56bfc062723c751e8b465ee728b)
Start importing Assets/PaintIn3D/InGame/Examples/Decals/Arrow.png using Guid(34fbed79c0264c7409cdc9d59cd885a0) Importer(815301076,1909f56bfc062723c751e8b465ee728b)  -> (artifact id: 'c55b44d80c0c1644d0a294170305e13d') in 0.015428 seconds 
  Import took 0.019665 seconds .

========================================================================
Received Import Request.
  Time since last request: 0.000129 seconds.
  path: Assets/PaintIn3D/InEditor/Shapes/Circles/Circle E.png
  artifactKey: Guid(53a535d588e0b4c419bba064787040e6) Importer(815301076,1909f56bfc062723c751e8b465ee728b)
Start importing Assets/PaintIn3D/InEditor/Shapes/Circles/Circle E.png using Guid(53a535d588e0b4c419bba064787040e6) Importer(815301076,1909f56bfc062723c751e8b465ee728b)  -> (artifact id: 'b9bfb53c8538498003111319775d714a') in 0.015455 seconds 
  Import took 0.019907 seconds .

========================================================================
Received Import Request.
  Time since last request: 0.000149 seconds.
  path: Assets/PaintIn3D/InGame/Examples/Textures/Albedo_Transparent.png
  artifactKey: Guid(430658e8525edc44aa1fb47855cb3a8c) Importer(815301076,1909f56bfc062723c751e8b465ee728b)
Start importing Assets/PaintIn3D/InGame/Examples/Textures/Albedo_Transparent.png using Guid(430658e8525edc44aa1fb47855cb3a8c) Importer(815301076,1909f56bfc062723c751e8b465ee728b)  -> (artifact id: '2c80ca921ce50a00e9e838cf5bba64eb') in 0.011595 seconds 
  Import took 0.016057 seconds .

========================================================================
Received Import Request.
  Time since last request: 0.000173 seconds.
  path: Assets/PaintIn3D/InEditor/Shapes/Circles/Circle D.png
  artifactKey: Guid(03332e2c9d80ace4587c2c308d82832c) Importer(815301076,1909f56bfc062723c751e8b465ee728b)
Start importing Assets/PaintIn3D/InEditor/Shapes/Circles/Circle D.png using Guid(03332e2c9d80ace4587c2c308d82832c) Importer(815301076,1909f56bfc062723c751e8b465ee728b)  -> (artifact id: 'bc9485be4ffa58c42d8acc85b4337394') in 0.013250 seconds 
  Import took 0.017585 seconds .

========================================================================
Received Import Request.
  Time since last request: 0.000147 seconds.
  path: Assets/PaintIn3D/InGame/Examples/Elements/Attack.png
  artifactKey: Guid(5ff715664cfba124b8239abe7e7d3a06) Importer(815301076,1909f56bfc062723c751e8b465ee728b)
Start importing Assets/PaintIn3D/InGame/Examples/Elements/Attack.png using Guid(5ff715664cfba124b8239abe7e7d3a06) Importer(815301076,1909f56bfc062723c751e8b465ee728b)  -> (artifact id: 'de21ba07a184908ea8ce7af8addeb39b') in 0.018131 seconds 
  Import took 0.022452 seconds .

========================================================================
Received Import Request.
  Time since last request: 0.000138 seconds.
  path: Assets/PaintIn3D/InEditor/Tools/Dotted.png
  artifactKey: Guid(7b28cbc1e8504d74ca8d55fe1cf0c6e6) Importer(815301076,1909f56bfc062723c751e8b465ee728b)
Start importing Assets/PaintIn3D/InEditor/Tools/Dotted.png using Guid(7b28cbc1e8504d74ca8d55fe1cf0c6e6) Importer(815301076,1909f56bfc062723c751e8b465ee728b)  -> (artifact id: 'bb7082c5a2dea2c7cec887c8736b8883') in 0.015680 seconds 
  Import took 0.020031 seconds .

========================================================================
Received Import Request.
  Time since last request: 0.000144 seconds.
  path: Assets/PaintIn3D/InEditor/Tools/Decal.png
  artifactKey: Guid(aac804983e6214041a8df1e9681fbdd7) Importer(815301076,1909f56bfc062723c751e8b465ee728b)
Start importing Assets/PaintIn3D/InEditor/Tools/Decal.png using Guid(aac804983e6214041a8df1e9681fbdd7) Importer(815301076,1909f56bfc062723c751e8b465ee728b)  -> (artifact id: 'ea57e063c50acf961f2cacffa8a71e92') in 0.015294 seconds 
  Import took 0.020265 seconds .

========================================================================
Received Import Request.
  Time since last request: 0.000146 seconds.
  path: Assets/PaintIn3D/InGame/Examples/Textures/Albedo_Green.png
  artifactKey: Guid(85f83e080786037439a2918f216c00f6) Importer(815301076,1909f56bfc062723c751e8b465ee728b)
Start importing Assets/PaintIn3D/InGame/Examples/Textures/Albedo_Green.png using Guid(85f83e080786037439a2918f216c00f6) Importer(815301076,1909f56bfc062723c751e8b465ee728b)  -> (artifact id: '0a47d944474d7a17aafdcdb954cd21cd') in 0.011502 seconds 
  Import took 0.015536 seconds .

========================================================================
Received Import Request.
  Time since last request: 0.000168 seconds.
  path: Assets/PaintIn3D/InGame/Examples/Decals/Bump.png
  artifactKey: Guid(62904e9624c1e48438a0100051efc951) Importer(815301076,1909f56bfc062723c751e8b465ee728b)
Start importing Assets/PaintIn3D/InGame/Examples/Decals/Bump.png using Guid(62904e9624c1e48438a0100051efc951) Importer(815301076,1909f56bfc062723c751e8b465ee728b)  -> (artifact id: '3f9ebe5abf8c292348fbdf307aa55cfd') in 0.019400 seconds 
  Import took 0.023699 seconds .

========================================================================
Received Import Request.
  Time since last request: 0.000199 seconds.
  path: Assets/PaintIn3D/InGame/Examples/Elements/Clear.png
  artifactKey: Guid(effe55e87ae06df45b85aa905e7755ed) Importer(815301076,1909f56bfc062723c751e8b465ee728b)
Start importing Assets/PaintIn3D/InGame/Examples/Elements/Clear.png using Guid(effe55e87ae06df45b85aa905e7755ed) Importer(815301076,1909f56bfc062723c751e8b465ee728b)  -> (artifact id: 'cb34f31813acb23bf4db02625120e2b1') in 0.017064 seconds 
  Import took 0.021249 seconds .

========================================================================
Received Import Request.
  Time since last request: 0.000240 seconds.
  path: Assets/PaintIn3D/InEditor/Materials/Full/Brick_Wall_017.png
  artifactKey: Guid(a035739ff2e34134ea260622d3ac250a) Importer(815301076,1909f56bfc062723c751e8b465ee728b)
Start importing Assets/PaintIn3D/InEditor/Materials/Full/Brick_Wall_017.png using Guid(a035739ff2e34134ea260622d3ac250a) Importer(815301076,1909f56bfc062723c751e8b465ee728b)  -> (artifact id: '61278bae588d336f01097a2449558d53') in 0.030790 seconds 
  Import took 0.034948 seconds .

========================================================================
Received Import Request.
  Time since last request: 0.000161 seconds.
  path: Assets/PaintIn3D/InGame/Examples/Meshes/Board_Frame_PBR.png
  artifactKey: Guid(f5828d159a91b7c4fa28ae04d87c28c0) Importer(815301076,1909f56bfc062723c751e8b465ee728b)
Start importing Assets/PaintIn3D/InGame/Examples/Meshes/Board_Frame_PBR.png using Guid(f5828d159a91b7c4fa28ae04d87c28c0) Importer(815301076,1909f56bfc062723c751e8b465ee728b)  -> (artifact id: '70d7780cc277f55d4e81979a19cfae70') in 0.076508 seconds 
  Import took 0.081480 seconds .

========================================================================
Received Import Request.
  Time since last request: 0.000225 seconds.
  path: Assets/PaintIn3D/InGame/Examples/Decals/Anchor.png
  artifactKey: Guid(bf4e7e0afde729e4098cf3f7a2c156ef) Importer(815301076,1909f56bfc062723c751e8b465ee728b)
Start importing Assets/PaintIn3D/InGame/Examples/Decals/Anchor.png using Guid(bf4e7e0afde729e4098cf3f7a2c156ef) Importer(815301076,1909f56bfc062723c751e8b465ee728b)  -> (artifact id: '8cccca3037068b8c55c2de316f8cab3c') in 0.017913 seconds 
  Import took 0.022147 seconds .

========================================================================
Received Import Request.
  Time since last request: 0.000224 seconds.
  path: Assets/PaintIn3D/InGame/Examples/Textures/Albedo_Blue.png
  artifactKey: Guid(e75abae4edf2440419a20596a1b0d372) Importer(815301076,1909f56bfc062723c751e8b465ee728b)
Start importing Assets/PaintIn3D/InGame/Examples/Textures/Albedo_Blue.png using Guid(e75abae4edf2440419a20596a1b0d372) Importer(815301076,1909f56bfc062723c751e8b465ee728b)  -> (artifact id: '90bf5e11ace2b4cabc36b40bea99f6ef') in 0.012806 seconds 
  Import took 0.017571 seconds .

========================================================================
Received Import Request.
  Time since last request: 0.000182 seconds.
  path: Assets/PaintIn3D/InGame/Examples/Meshes/Board_Frame_Albedo.png
  artifactKey: Guid(49c05516b1b29e346ba1b831429b1d96) Importer(815301076,1909f56bfc062723c751e8b465ee728b)
Start importing Assets/PaintIn3D/InGame/Examples/Meshes/Board_Frame_Albedo.png using Guid(49c05516b1b29e346ba1b831429b1d96) Importer(815301076,1909f56bfc062723c751e8b465ee728b)  -> (artifact id: '994deec8df8de83fe68312334298d2d5') in 0.077665 seconds 
  Import took 0.082090 seconds .

========================================================================
Received Import Request.
  Time since last request: 0.000248 seconds.
  path: Assets/PaintIn3D/InEditor/Shapes/Circles/Circle A.png
  artifactKey: Guid(5d41353f796af564bb2f1f30234e8817) Importer(815301076,1909f56bfc062723c751e8b465ee728b)
Start importing Assets/PaintIn3D/InEditor/Shapes/Circles/Circle A.png using Guid(5d41353f796af564bb2f1f30234e8817) Importer(815301076,1909f56bfc062723c751e8b465ee728b)  -> (artifact id: '5e68a3113de5449e36f91417ffac2019') in 0.014462 seconds 
  Import took 0.022541 seconds .

========================================================================
Received Import Request.
  Time since last request: 0.000295 seconds.
  path: Assets/PaintIn3D/InGame/Examples/Decals/Bump_Normal.png
  artifactKey: Guid(d79258f000b71ab4f8b4f5940f95cefd) Importer(815301076,1909f56bfc062723c751e8b465ee728b)
Start importing Assets/PaintIn3D/InGame/Examples/Decals/Bump_Normal.png using Guid(d79258f000b71ab4f8b4f5940f95cefd) Importer(815301076,1909f56bfc062723c751e8b465ee728b)  -> (artifact id: '785fcd86ba1fc82b232b765cc01d29af') in 0.015998 seconds 
  Import took 0.020812 seconds .

========================================================================
Received Import Request.
  Time since last request: 0.000149 seconds.
  path: Assets/PaintIn3D/InEditor/Materials/Full/Carbon_Fiber_001_Albedo.png
  artifactKey: Guid(c06bd154d43513d4b937b9175f3b92ee) Importer(815301076,1909f56bfc062723c751e8b465ee728b)
Start importing Assets/PaintIn3D/InEditor/Materials/Full/Carbon_Fiber_001_Albedo.png using Guid(c06bd154d43513d4b937b9175f3b92ee) Importer(815301076,1909f56bfc062723c751e8b465ee728b)  -> (artifact id: 'e7fd168af8c87a3ba5bbde0380f65094') in 0.080811 seconds 
  Import took 0.085143 seconds .

========================================================================
Received Import Request.
  Time since last request: 0.000155 seconds.
  path: Assets/PaintIn3D/InEditor/Materials/Full/Carbon_Fiber_001_Normal.png
  artifactKey: Guid(29658b4f2726cdc4dbe05acfe2f83baf) Importer(815301076,1909f56bfc062723c751e8b465ee728b)
Start importing Assets/PaintIn3D/InEditor/Materials/Full/Carbon_Fiber_001_Normal.png using Guid(29658b4f2726cdc4dbe05acfe2f83baf) Importer(815301076,1909f56bfc062723c751e8b465ee728b)  -> (artifact id: 'f4f6294506c12827c596dca9aa9d1e97') in 0.081807 seconds 
  Import took 0.085699 seconds .

========================================================================
Received Import Request.
  Time since last request: 0.000135 seconds.
  path: Assets/PaintIn3D/InEditor/Materials/Full/Carbon_Fiber_001_Metallic.png
  artifactKey: Guid(cbe17191c931b4a42ae2010a2d1f3f60) Importer(815301076,1909f56bfc062723c751e8b465ee728b)
Start importing Assets/PaintIn3D/InEditor/Materials/Full/Carbon_Fiber_001_Metallic.png using Guid(cbe17191c931b4a42ae2010a2d1f3f60) Importer(815301076,1909f56bfc062723c751e8b465ee728b)  -> (artifact id: '0ff5eeaa3a8220a31b5726a0b748370e') in 0.077691 seconds 
  Import took 0.081682 seconds .

========================================================================
Received Import Request.
  Time since last request: 0.000236 seconds.
  path: Assets/PaintIn3D/InGame/Examples/Decals/Arrow2.png
  artifactKey: Guid(740a82b52dce8f744bd69bfaa6456146) Importer(815301076,1909f56bfc062723c751e8b465ee728b)
Start importing Assets/PaintIn3D/InGame/Examples/Decals/Arrow2.png using Guid(740a82b52dce8f744bd69bfaa6456146) Importer(815301076,1909f56bfc062723c751e8b465ee728b)  -> (artifact id: 'dbd2c8948ccde0a18b29905057755f71') in 0.013548 seconds 
  Import took 0.017298 seconds .

========================================================================
Received Import Request.
  Time since last request: 0.000149 seconds.
  path: Assets/PaintIn3D/InEditor/Materials/Full/Brick_Wall_017_Smoothness.png
  artifactKey: Guid(ec9a778ec12f68f459692a3d1c5f1555) Importer(815301076,1909f56bfc062723c751e8b465ee728b)
Start importing Assets/PaintIn3D/InEditor/Materials/Full/Brick_Wall_017_Smoothness.png using Guid(ec9a778ec12f68f459692a3d1c5f1555) Importer(815301076,1909f56bfc062723c751e8b465ee728b)  -> (artifact id: 'e8e821603ccf05a413023edffed66151') in 0.082102 seconds 
  Import took 0.085981 seconds .

========================================================================
Received Import Request.
  Time since last request: 0.000148 seconds.
  path: Assets/PaintIn3D/InGame/Examples/Textures/Albedo_Red.png
  artifactKey: Guid(9514eb982c7b14f479009ea7066016b2) Importer(815301076,1909f56bfc062723c751e8b465ee728b)
Start importing Assets/PaintIn3D/InGame/Examples/Textures/Albedo_Red.png using Guid(9514eb982c7b14f479009ea7066016b2) Importer(815301076,1909f56bfc062723c751e8b465ee728b)  -> (artifact id: 'ac3aa2e6304907f44edad78716c98989') in 0.012192 seconds 
  Import took 0.016333 seconds .

========================================================================
Received Import Request.
  Time since last request: 0.000161 seconds.
  path: Assets/PaintIn3D/InGame/Examples/Textures/Circle50.png
  artifactKey: Guid(eb2c4ecdfbcb4bd4eb3057da4db6fa5a) Importer(815301076,1909f56bfc062723c751e8b465ee728b)
Start importing Assets/PaintIn3D/InGame/Examples/Textures/Circle50.png using Guid(eb2c4ecdfbcb4bd4eb3057da4db6fa5a) Importer(815301076,1909f56bfc062723c751e8b465ee728b)  -> (artifact id: '83577a389df80b9739f5c422ab1802fd') in 0.020591 seconds 
  Import took 0.025458 seconds .

========================================================================
Received Import Request.
  Time since last request: 0.000190 seconds.
  path: Assets/PaintIn3D/InGame/Examples/Decals/Dent_Normal.png
  artifactKey: Guid(3c629b9de49c19f4da96f71baf661295) Importer(815301076,1909f56bfc062723c751e8b465ee728b)
Start importing Assets/PaintIn3D/InGame/Examples/Decals/Dent_Normal.png using Guid(3c629b9de49c19f4da96f71baf661295) Importer(815301076,1909f56bfc062723c751e8b465ee728b)  -> (artifact id: 'a6cb10ff76100371cc9607fc2eca787f') in 0.014384 seconds 
  Import took 0.019529 seconds .

========================================================================
Received Import Request.
  Time since last request: 0.000142 seconds.
  path: Assets/PaintIn3D/InGame/Examples/Decals/Bullseye.png
  artifactKey: Guid(a1417e55df1f45c4db9a35529d4df431) Importer(815301076,1909f56bfc062723c751e8b465ee728b)
Start importing Assets/PaintIn3D/InGame/Examples/Decals/Bullseye.png using Guid(a1417e55df1f45c4db9a35529d4df431) Importer(815301076,1909f56bfc062723c751e8b465ee728b)  -> (artifact id: '281c81a6e7eb6f1ed0cb9702bae7ec8c') in 0.023597 seconds 
  Import took 0.029734 seconds .

========================================================================
Received Import Request.
  Time since last request: 0.000264 seconds.
  path: Assets/PaintIn3D/InEditor/Materials/Full/Brick_Wall_017_Albedo.png
  artifactKey: Guid(b89ca162433a6c24bb7fe712cf594531) Importer(815301076,1909f56bfc062723c751e8b465ee728b)
Start importing Assets/PaintIn3D/InEditor/Materials/Full/Brick_Wall_017_Albedo.png using Guid(b89ca162433a6c24bb7fe712cf594531) Importer(815301076,1909f56bfc062723c751e8b465ee728b)  -> (artifact id: 'b3cdc7858d23f7e8b774742866aaee94') in 0.086896 seconds 
  Import took 0.092388 seconds .

========================================================================
Received Import Request.
  Time since last request: 0.000141 seconds.
  path: Assets/PaintIn3D/InEditor/Materials/Full/Carbon_Fiber_001.png
  artifactKey: Guid(2da7ba0397cb92645bea22a72a529394) Importer(815301076,1909f56bfc062723c751e8b465ee728b)
Start importing Assets/PaintIn3D/InEditor/Materials/Full/Carbon_Fiber_001.png using Guid(2da7ba0397cb92645bea22a72a529394) Importer(815301076,1909f56bfc062723c751e8b465ee728b)  -> (artifact id: '6bacd4500a301a64a944bdf33a7021e5') in 0.035224 seconds 
  Import took 0.039600 seconds .

========================================================================
Received Import Request.
  Time since last request: 0.000192 seconds.
  path: Assets/PaintIn3D/InGame/Examples/Textures/Backing.png
  artifactKey: Guid(8998ca0599319e44294743408be44573) Importer(815301076,1909f56bfc062723c751e8b465ee728b)
Start importing Assets/PaintIn3D/InGame/Examples/Textures/Backing.png using Guid(8998ca0599319e44294743408be44573) Importer(815301076,1909f56bfc062723c751e8b465ee728b)  -> (artifact id: 'c40dd48bba6d9f77c3745d812f04626f') in 0.017685 seconds 
  Import took 0.023643 seconds .

========================================================================
Received Import Request.
  Time since last request: 0.000186 seconds.
  path: Assets/PaintIn3D/InEditor/Materials/Erase (Albedo).png
  artifactKey: Guid(ce13b5e5ee3b5a94d8cb40d23079eef7) Importer(815301076,1909f56bfc062723c751e8b465ee728b)
Start importing Assets/PaintIn3D/InEditor/Materials/Erase (Albedo).png using Guid(ce13b5e5ee3b5a94d8cb40d23079eef7) Importer(815301076,1909f56bfc062723c751e8b465ee728b)  -> (artifact id: '5488ece3feeca00acc60e295769774d7') in 0.016299 seconds 
  Import took 0.021271 seconds .

========================================================================
Received Import Request.
  Time since last request: 0.000257 seconds.
  path: Assets/PaintIn3D/InGame/Examples/Textures/DynamicDecal.renderTexture
  artifactKey: Guid(a86efe40fd7c7f94faf7d2de7013a9e6) Importer(815301076,1909f56bfc062723c751e8b465ee728b)
Start importing Assets/PaintIn3D/InGame/Examples/Textures/DynamicDecal.renderTexture using Guid(a86efe40fd7c7f94faf7d2de7013a9e6) Importer(815301076,1909f56bfc062723c751e8b465ee728b)  -> (artifact id: '58fd212168086d7a33ed0d8623d52158') in 0.023307 seconds 
  Import took 0.030024 seconds .

========================================================================
Received Import Request.
  Time since last request: 0.000215 seconds.
  path: Assets/PaintIn3D/InGame/Examples/Decals/Duck_MOS.png
  artifactKey: Guid(779f0def3766e414bbbeff54de107809) Importer(815301076,1909f56bfc062723c751e8b465ee728b)
Start importing Assets/PaintIn3D/InGame/Examples/Decals/Duck_MOS.png using Guid(779f0def3766e414bbbeff54de107809) Importer(815301076,1909f56bfc062723c751e8b465ee728b)  -> (artifact id: '90934fdc94826796af725fd9ca7ee2be') in 0.022331 seconds 
  Import took 0.027536 seconds .

========================================================================
Received Import Request.
  Time since last request: 0.000218 seconds.
  path: Assets/PaintIn3D/InEditor/Shapes/Circles/Circle G.png
  artifactKey: Guid(e76c486cd6f25a74da98466971c07298) Importer(815301076,1909f56bfc062723c751e8b465ee728b)
Start importing Assets/PaintIn3D/InEditor/Shapes/Circles/Circle G.png using Guid(e76c486cd6f25a74da98466971c07298) Importer(815301076,1909f56bfc062723c751e8b465ee728b)  -> (artifact id: '17cf0972310e087060257927968a7e40') in 0.013785 seconds 
  Import took 0.018072 seconds .

========================================================================
Received Import Request.
  Time since last request: 0.000164 seconds.
  path: Assets/PaintIn3D/InGame/Examples/Textures/Blood Spatter.png
  artifactKey: Guid(06074ef80d335b94f83e4316e03bf34e) Importer(815301076,1909f56bfc062723c751e8b465ee728b)
Start importing Assets/PaintIn3D/InGame/Examples/Textures/Blood Spatter.png using Guid(06074ef80d335b94f83e4316e03bf34e) Importer(815301076,1909f56bfc062723c751e8b465ee728b)  -> (artifact id: '7fbf58b69650028a04cadcb7ce0681ee') in 0.018345 seconds 
  Import took 0.023588 seconds .

========================================================================
Received Import Request.
  Time since last request: 0.000191 seconds.
  path: Assets/PaintIn3D/InEditor/Shapes/Circles/Circle F.png
  artifactKey: Guid(0dcc914470acfc74599cf026d7fcdc96) Importer(815301076,1909f56bfc062723c751e8b465ee728b)
Start importing Assets/PaintIn3D/InEditor/Shapes/Circles/Circle F.png using Guid(0dcc914470acfc74599cf026d7fcdc96) Importer(815301076,1909f56bfc062723c751e8b465ee728b)  -> (artifact id: 'd89bc9a492c2745b579860e942345cc8') in 0.013596 seconds 
  Import took 0.018186 seconds .

========================================================================
Received Import Request.
  Time since last request: 0.000143 seconds.
  path: Assets/PaintIn3D/InGame/Examples/Textures/Crate1.png
  artifactKey: Guid(18a4db0d1c3fcb44f8f0b97886354db1) Importer(815301076,1909f56bfc062723c751e8b465ee728b)
Start importing Assets/PaintIn3D/InGame/Examples/Textures/Crate1.png using Guid(18a4db0d1c3fcb44f8f0b97886354db1) Importer(815301076,1909f56bfc062723c751e8b465ee728b)  -> (artifact id: '1b7d75285c557e835e10c62111cbd99a') in 0.026224 seconds 
  Import took 0.030468 seconds .

========================================================================
Received Import Request.
  Time since last request: 0.000224 seconds.
  path: Assets/PaintIn3D/InGame/Examples/Decals/Cloud.png
  artifactKey: Guid(245d5af102c33c04e86810676eeb693a) Importer(815301076,1909f56bfc062723c751e8b465ee728b)
Start importing Assets/PaintIn3D/InGame/Examples/Decals/Cloud.png using Guid(245d5af102c33c04e86810676eeb693a) Importer(815301076,1909f56bfc062723c751e8b465ee728b)  -> (artifact id: '3d26582feb8f9f2f7625457b9ef1bd11') in 0.020201 seconds 
  Import took 0.025068 seconds .

========================================================================
Received Import Request.
  Time since last request: 0.000380 seconds.
  path: Assets/PaintIn3D/InGame/Examples/Elements/Description.png
  artifactKey: Guid(ff8599323ab9b3e45aaf4eb87670a94a) Importer(815301076,1909f56bfc062723c751e8b465ee728b)
Start importing Assets/PaintIn3D/InGame/Examples/Elements/Description.png using Guid(ff8599323ab9b3e45aaf4eb87670a94a) Importer(815301076,1909f56bfc062723c751e8b465ee728b)  -> (artifact id: 'fb4b1944e3b28ec905478b218f78a0c8') in 0.016617 seconds 
  Import took 0.021031 seconds .

========================================================================
Received Import Request.
  Time since last request: 0.000126 seconds.
  path: Assets/PaintIn3D/InGame/Examples/Decals/Blood_MOS.png
  artifactKey: Guid(b9986d4a51b939240888b5c63760126d) Importer(815301076,1909f56bfc062723c751e8b465ee728b)
Start importing Assets/PaintIn3D/InGame/Examples/Decals/Blood_MOS.png using Guid(b9986d4a51b939240888b5c63760126d) Importer(815301076,1909f56bfc062723c751e8b465ee728b)  -> (artifact id: '2977a84a0db3b99b50916e9a9c188f33') in 0.018571 seconds 
  Import took 0.022456 seconds .

========================================================================
Received Import Request.
  Time since last request: 0.000156 seconds.
  path: Assets/PaintIn3D/InEditor/Materials/Full/Brick_Wall_017_Occlusion.png
  artifactKey: Guid(570b40e4f480a2a45b263d0ae4fb7f68) Importer(815301076,1909f56bfc062723c751e8b465ee728b)
Start importing Assets/PaintIn3D/InEditor/Materials/Full/Brick_Wall_017_Occlusion.png using Guid(570b40e4f480a2a45b263d0ae4fb7f68) Importer(815301076,1909f56bfc062723c751e8b465ee728b)  -> (artifact id: 'e7b2e68ce8a849a6c3e360f013aa3eaf') in 0.083747 seconds 
  Import took 0.087927 seconds .

========================================================================
Received Import Request.
  Time since last request: 0.000139 seconds.
  path: Assets/PaintIn3D/InEditor/Materials/Full/Carbon_Fiber_001_Occlusion.png
  artifactKey: Guid(9ead229cb6d520848bcfbfbcbb4a835d) Importer(815301076,1909f56bfc062723c751e8b465ee728b)
Start importing Assets/PaintIn3D/InEditor/Materials/Full/Carbon_Fiber_001_Occlusion.png using Guid(9ead229cb6d520848bcfbfbcbb4a835d) Importer(815301076,1909f56bfc062723c751e8b465ee728b)  -> (artifact id: 'bb474d7ea0fdee70999131843ce05bdf') in 0.083600 seconds 
  Import took 0.087957 seconds .

========================================================================
Received Import Request.
  Time since last request: 0.000245 seconds.
  path: Assets/PaintIn3D/InGame/Examples/Textures/Albedo_Magenta.png
  artifactKey: Guid(ea2b79a64d0dbb64b924b1a2a011fca4) Importer(815301076,1909f56bfc062723c751e8b465ee728b)
Start importing Assets/PaintIn3D/InGame/Examples/Textures/Albedo_Magenta.png using Guid(ea2b79a64d0dbb64b924b1a2a011fca4) Importer(815301076,1909f56bfc062723c751e8b465ee728b)  -> (artifact id: '7833e51f9f87fa188bd86dea3d643f50') in 0.010527 seconds 
  Import took 0.014411 seconds .

========================================================================
Received Import Request.
  Time since last request: 0.000138 seconds.
  path: Assets/PaintIn3D/InEditor/Shapes/Circles/Circle B.png
  artifactKey: Guid(ec51a77048010f9439b7030c451a6d05) Importer(815301076,1909f56bfc062723c751e8b465ee728b)
Start importing Assets/PaintIn3D/InEditor/Shapes/Circles/Circle B.png using Guid(ec51a77048010f9439b7030c451a6d05) Importer(815301076,1909f56bfc062723c751e8b465ee728b)  -> (artifact id: '71892c9ae98b2e9f8c581c7bbb4dd931') in 0.010449 seconds 
  Import took 0.014745 seconds .

========================================================================
Received Import Request.
  Time since last request: 0.000198 seconds.
  path: Assets/PaintIn3D/InGame/Examples/Textures/Circle10.png
  artifactKey: Guid(e02f4ca0cbea0924ca909556bad22475) Importer(815301076,1909f56bfc062723c751e8b465ee728b)
Start importing Assets/PaintIn3D/InGame/Examples/Textures/Circle10.png using Guid(e02f4ca0cbea0924ca909556bad22475) Importer(815301076,1909f56bfc062723c751e8b465ee728b)  -> (artifact id: '8baa15441625e2bf87c83768e14f9299') in 0.019546 seconds 
  Import took 0.024335 seconds .

========================================================================
Received Import Request.
  Time since last request: 0.000147 seconds.
  path: Assets/PaintIn3D/InGame/Examples/Textures/Albedo_Yellow.png
  artifactKey: Guid(b6599ea25c753ed439a7121625e0326f) Importer(815301076,1909f56bfc062723c751e8b465ee728b)
Start importing Assets/PaintIn3D/InGame/Examples/Textures/Albedo_Yellow.png using Guid(b6599ea25c753ed439a7121625e0326f) Importer(815301076,1909f56bfc062723c751e8b465ee728b)  -> (artifact id: 'e8287a62dcec16c6977eaf310130be61') in 0.011532 seconds 
  Import took 0.016628 seconds .

========================================================================
Received Import Request.
  Time since last request: 0.000213 seconds.
  path: Assets/PaintIn3D/InEditor/Materials/Full/Brick_Wall_017_Normal.png
  artifactKey: Guid(6b7960a7b7647ec4a803facc14c949ae) Importer(815301076,1909f56bfc062723c751e8b465ee728b)
Start importing Assets/PaintIn3D/InEditor/Materials/Full/Brick_Wall_017_Normal.png using Guid(6b7960a7b7647ec4a803facc14c949ae) Importer(815301076,1909f56bfc062723c751e8b465ee728b)  -> (artifact id: 'bdddeb8a858d27f6e39436115cfacc0e') in 0.083365 seconds 
  Import took 0.087385 seconds .

========================================================================
Received Import Request.
  Time since last request: 0.000144 seconds.
  path: Assets/PaintIn3D/InEditor/Shapes/Circles/Circle C.png
  artifactKey: Guid(4406b83a7b8003b4db5d670f34847374) Importer(815301076,1909f56bfc062723c751e8b465ee728b)
Start importing Assets/PaintIn3D/InEditor/Shapes/Circles/Circle C.png using Guid(4406b83a7b8003b4db5d670f34847374) Importer(815301076,1909f56bfc062723c751e8b465ee728b)  -> (artifact id: '89f67e2635c57fb56513555e046d85d2') in 0.012943 seconds 
  Import took 0.016713 seconds .

========================================================================
Received Import Request.
  Time since last request: 0.000137 seconds.
  path: Assets/PaintIn3D/InGame/Examples/Decals/BulletHole.png
  artifactKey: Guid(b8cb7ad383a5c1e4cbabd0eeb20ec359) Importer(815301076,1909f56bfc062723c751e8b465ee728b)
Start importing Assets/PaintIn3D/InGame/Examples/Decals/BulletHole.png using Guid(b8cb7ad383a5c1e4cbabd0eeb20ec359) Importer(815301076,1909f56bfc062723c751e8b465ee728b)  -> (artifact id: '9fdb8f5262c8a837a2c9e6b23de8629a') in 0.020188 seconds 
  Import took 0.023971 seconds .

========================================================================
Received Import Request.
  Time since last request: 0.000159 seconds.
  path: Assets/PaintIn3D/InGame/Examples/Decals/Dent.png
  artifactKey: Guid(f20fee6ddff2f724f9a731bd3799734c) Importer(815301076,1909f56bfc062723c751e8b465ee728b)
Start importing Assets/PaintIn3D/InGame/Examples/Decals/Dent.png using Guid(f20fee6ddff2f724f9a731bd3799734c) Importer(815301076,1909f56bfc062723c751e8b465ee728b)  -> (artifact id: '9759df59f0421b1a2eb2a1b82903cb8e') in 0.021671 seconds 
  Import took 0.027013 seconds .

========================================================================
Received Import Request.
  Time since last request: 0.000193 seconds.
  path: Assets/PaintIn3D/InEditor/Materials/Full/Carbon_Fiber_001_Smoothness.png
  artifactKey: Guid(469134ae212f4c0419ada0110e9748e6) Importer(815301076,1909f56bfc062723c751e8b465ee728b)
Start importing Assets/PaintIn3D/InEditor/Materials/Full/Carbon_Fiber_001_Smoothness.png using Guid(469134ae212f4c0419ada0110e9748e6) Importer(815301076,1909f56bfc062723c751e8b465ee728b)  -> (artifact id: '7a78fe67bac1849b5283ff6cc65b7308') in 0.077679 seconds 
  Import took 0.083124 seconds .

========================================================================
Received Import Request.
  Time since last request: 0.000218 seconds.
  path: Assets/PaintIn3D/InGame/Examples/Textures/Crate2.png
  artifactKey: Guid(0bdca23aead370843a4a785bd89aaf80) Importer(815301076,1909f56bfc062723c751e8b465ee728b)
Start importing Assets/PaintIn3D/InGame/Examples/Textures/Crate2.png using Guid(0bdca23aead370843a4a785bd89aaf80) Importer(815301076,1909f56bfc062723c751e8b465ee728b)  -> (artifact id: '500b2f05b8bef7a79475ff1b56cab1cd') in 0.032431 seconds 
  Import took 0.036792 seconds .

========================================================================
Received Import Request.
  Time since last request: 0.000256 seconds.
  path: Assets/PaintIn3D/InGame/Examples/Textures/Flow_In.png
  artifactKey: Guid(70e23269de6ec954898f35ad191da288) Importer(815301076,1909f56bfc062723c751e8b465ee728b)
Start importing Assets/PaintIn3D/InGame/Examples/Textures/Flow_In.png using Guid(70e23269de6ec954898f35ad191da288) Importer(815301076,1909f56bfc062723c751e8b465ee728b)  -> (artifact id: 'b89d8f87665c0e441c6cf83a311f3872') in 0.016780 seconds 
  Import took 0.023180 seconds .

========================================================================
Received Import Request.
  Time since last request: 0.000144 seconds.
  path: Assets/PaintIn3D/InGame/Examples/Decals/Flat_Normal.png
  artifactKey: Guid(671d1282a7a05d940860d8d3cc52fba3) Importer(815301076,1909f56bfc062723c751e8b465ee728b)
Start importing Assets/PaintIn3D/InGame/Examples/Decals/Flat_Normal.png using Guid(671d1282a7a05d940860d8d3cc52fba3) Importer(815301076,1909f56bfc062723c751e8b465ee728b)  -> (artifact id: 'a9cf1ed5ed5f1888ac50b76dfff0ab69') in 0.012305 seconds 
  Import took 0.016182 seconds .

========================================================================
Received Import Request.
  Time since last request: 0.000155 seconds.
  path: Assets/PaintIn3D/InGame/Examples/Textures/Flow_Twist.png
  artifactKey: Guid(1d1a61a18104f074faba19efb8b111a7) Importer(815301076,1909f56bfc062723c751e8b465ee728b)
Start importing Assets/PaintIn3D/InGame/Examples/Textures/Flow_Twist.png using Guid(1d1a61a18104f074faba19efb8b111a7) Importer(815301076,1909f56bfc062723c751e8b465ee728b)  -> (artifact id: '1c5f4cf27429778bd3d9a21b2114c5b0') in 0.014369 seconds 
  Import took 0.019185 seconds .

========================================================================
Received Import Request.
  Time since last request: 0.000140 seconds.
  path: Assets/PaintIn3D/InGame/Examples/Materials/Glass_Albedo.png
  artifactKey: Guid(33a0b40c8b7ade748823369af71c40ae) Importer(815301076,1909f56bfc062723c751e8b465ee728b)
Start importing Assets/PaintIn3D/InGame/Examples/Materials/Glass_Albedo.png using Guid(33a0b40c8b7ade748823369af71c40ae) Importer(815301076,1909f56bfc062723c751e8b465ee728b)  -> (artifact id: 'd36551def70129adbe833d8205ab6c4a') in 0.013044 seconds 
  Import took 0.017459 seconds .

========================================================================
Received Import Request.
  Time since last request: 0.000208 seconds.
  path: Assets/PaintIn3D/InGame/Examples/Textures/Flow_Out.png
  artifactKey: Guid(d3a1de7274d7030449777147a6d2394c) Importer(815301076,1909f56bfc062723c751e8b465ee728b)
Start importing Assets/PaintIn3D/InGame/Examples/Textures/Flow_Out.png using Guid(d3a1de7274d7030449777147a6d2394c) Importer(815301076,1909f56bfc062723c751e8b465ee728b)  -> (artifact id: '1716ca7594ae03f0c4abf1e09d4d9ed7') in 0.016490 seconds 
  Import took 0.020845 seconds .

========================================================================
Received Import Request.
  Time since last request: 0.000212 seconds.
  path: Assets/PaintIn3D/InGame/Examples/Textures/Flow_Right.png
  artifactKey: Guid(18bda72950c54b240b304eadb40dc0ac) Importer(815301076,1909f56bfc062723c751e8b465ee728b)
Start importing Assets/PaintIn3D/InGame/Examples/Textures/Flow_Right.png using Guid(18bda72950c54b240b304eadb40dc0ac) Importer(815301076,1909f56bfc062723c751e8b465ee728b)  -> (artifact id: '580ff4a8c9d8e290981e3c8732fcb724') in 0.015483 seconds 
  Import took 0.019508 seconds .

========================================================================
Received Import Request.
  Time since last request: 0.000181 seconds.
  path: Assets/PaintIn3D/InGame/Examples/Textures/Flow_Up.png
  artifactKey: Guid(05c5915ed425e094baffcacbe9c0e76a) Importer(815301076,1909f56bfc062723c751e8b465ee728b)
Start importing Assets/PaintIn3D/InGame/Examples/Textures/Flow_Up.png using Guid(05c5915ed425e094baffcacbe9c0e76a) Importer(815301076,1909f56bfc062723c751e8b465ee728b)  -> (artifact id: 'a7480b174de616faf58f1b14fe7dcd4d') in 0.015426 seconds 
  Import took 0.020030 seconds .

========================================================================
Received Import Request.
  Time since last request: 0.000195 seconds.
  path: Assets/PaintIn3D/InGame/Examples/Textures/Flow_Left.png
  artifactKey: Guid(f6937a36e5b9c2e4d877f1bafdf65738) Importer(815301076,1909f56bfc062723c751e8b465ee728b)
Start importing Assets/PaintIn3D/InGame/Examples/Textures/Flow_Left.png using Guid(f6937a36e5b9c2e4d877f1bafdf65738) Importer(815301076,1909f56bfc062723c751e8b465ee728b)  -> (artifact id: '82c93f68617d1738f3f43421dcf211c1') in 0.012927 seconds 
  Import took 0.017816 seconds .

========================================================================
Received Import Request.
  Time since last request: 0.000264 seconds.
  path: Assets/PaintIn3D/InGame/Examples/Textures/Flow_Down.png
  artifactKey: Guid(e17c2820b5b230c42a06876c50a22f70) Importer(815301076,1909f56bfc062723c751e8b465ee728b)
Start importing Assets/PaintIn3D/InGame/Examples/Textures/Flow_Down.png using Guid(e17c2820b5b230c42a06876c50a22f70) Importer(815301076,1909f56bfc062723c751e8b465ee728b)  -> (artifact id: '6cd4a1b824511b3ec3cc41b996ebe183') in 0.014172 seconds 
  Import took 0.019980 seconds .

========================================================================
Received Import Request.
  Time since last request: 0.000138 seconds.
  path: Assets/PaintIn3D/InEditor/Materials/Erase (Normal).png
  artifactKey: Guid(71c4f0a932d5314428f2ef896d3ed949) Importer(815301076,1909f56bfc062723c751e8b465ee728b)
Start importing Assets/PaintIn3D/InEditor/Materials/Erase (Normal).png using Guid(71c4f0a932d5314428f2ef896d3ed949) Importer(815301076,1909f56bfc062723c751e8b465ee728b)  -> (artifact id: 'f76ea11e0a8df1e930b2ec9a922236d4') in 0.012206 seconds 
  Import took 0.017454 seconds .

========================================================================
Received Import Request.
  Time since last request: 0.000143 seconds.
  path: Assets/PaintIn3D/InGame/Examples/Textures/Flow_Twist2.png
  artifactKey: Guid(7d646f0c2cd86fd479496e3ead980355) Importer(815301076,1909f56bfc062723c751e8b465ee728b)
Start importing Assets/PaintIn3D/InGame/Examples/Textures/Flow_Twist2.png using Guid(7d646f0c2cd86fd479496e3ead980355) Importer(815301076,1909f56bfc062723c751e8b465ee728b)  -> (artifact id: '3e473d227888265f1f5216dc4e8c18c2') in 0.016180 seconds 
  Import took 0.021184 seconds .

========================================================================
Received Import Request.
  Time since last request: 0.000147 seconds.
  path: Assets/PaintIn3D/InGame/Examples/Textures/Flow_In2.png
  artifactKey: Guid(8bb2dac0adfef704ea2d85b2addb6e20) Importer(815301076,1909f56bfc062723c751e8b465ee728b)
Start importing Assets/PaintIn3D/InGame/Examples/Textures/Flow_In2.png using Guid(8bb2dac0adfef704ea2d85b2addb6e20) Importer(815301076,1909f56bfc062723c751e8b465ee728b)  -> (artifact id: 'b23acbad8df1ea71ed72aff22ef754d4') in 0.014173 seconds 
  Import took 0.019048 seconds .

========================================================================
Received Import Request.
  Time since last request: 0.000148 seconds.
  path: Assets/PaintIn3D/InGame/Examples/Textures/Flow_Out2.png
  artifactKey: Guid(22f7a4bf543a6554597f071d21023c92) Importer(815301076,1909f56bfc062723c751e8b465ee728b)
Start importing Assets/PaintIn3D/InGame/Examples/Textures/Flow_Out2.png using Guid(22f7a4bf543a6554597f071d21023c92) Importer(815301076,1909f56bfc062723c751e8b465ee728b)  -> (artifact id: '229b07439dd5234208f40140cbb10744') in 0.017719 seconds 
  Import took 0.022975 seconds .

========================================================================
Received Import Request.
  Time since last request: 0.000179 seconds.
  path: Assets/PaintIn3D/InEditor/Materials/Full/Brick_Wall_017_Metallic.png
  artifactKey: Guid(0a6e55dfa96b55142885318478fb5cab) Importer(815301076,1909f56bfc062723c751e8b465ee728b)
Start importing Assets/PaintIn3D/InEditor/Materials/Full/Brick_Wall_017_Metallic.png using Guid(0a6e55dfa96b55142885318478fb5cab) Importer(815301076,1909f56bfc062723c751e8b465ee728b)  -> (artifact id: '28308f98964e49ea61cf222c20222ff3') in 0.082794 seconds 
  Import took 0.087316 seconds .

========================================================================
Received Import Request.
  Time since last request: 0.000138 seconds.
  path: Assets/PaintIn3D/InGame/Examples/Decals/Blood.png
  artifactKey: Guid(6d4ca902d54c98247bf6f09677384417) Importer(815301076,1909f56bfc062723c751e8b465ee728b)
Start importing Assets/PaintIn3D/InGame/Examples/Decals/Blood.png using Guid(6d4ca902d54c98247bf6f09677384417) Importer(815301076,1909f56bfc062723c751e8b465ee728b)  -> (artifact id: 'f50dab679fedab5b189e9dd7366010c7') in 0.017361 seconds 
  Import took 0.020980 seconds .

========================================================================
Received Import Request.
  Time since last request: 57.696261 seconds.
  path: Assets/Animations/WaterVacuum
  artifactKey: Guid(8fd03f674e7020145a72a9e138776fcf) Importer(815301076,1909f56bfc062723c751e8b465ee728b)
Start importing Assets/Animations/WaterVacuum using Guid(8fd03f674e7020145a72a9e138776fcf) Importer(815301076,1909f56bfc062723c751e8b465ee728b)  -> (artifact id: '415a2851afff89723e91619ce158987d') in 0.002637 seconds 
  Import took 0.006818 seconds .

========================================================================
Received Import Request.
  Time since last request: 6.836311 seconds.
  path: Assets/Animations/WaterVacuum/WaterVacuum.controller
  artifactKey: Guid(9f7c68d85880b144fa512a764cfd898b) Importer(815301076,1909f56bfc062723c751e8b465ee728b)
Start importing Assets/Animations/WaterVacuum/WaterVacuum.controller using Guid(9f7c68d85880b144fa512a764cfd898b) Importer(815301076,1909f56bfc062723c751e8b465ee728b)  -> (artifact id: '9535932a147e5145539e7de8257c06f7') in 0.004098 seconds 
  Import took 0.008233 seconds .

========================================================================
Received Import Request.
  Time since last request: 6.093849 seconds.
  path: Assets/Animations/WaterVacuum/WaterVacuumLoop.anim
  artifactKey: Guid(396529d9644aff04c9d10958996910c3) Importer(815301076,1909f56bfc062723c751e8b465ee728b)
Start importing Assets/Animations/WaterVacuum/WaterVacuumLoop.anim using Guid(396529d9644aff04c9d10958996910c3) Importer(815301076,1909f56bfc062723c751e8b465ee728b)  -> (artifact id: '0ca1dfb6381b239d3d41b8b06dbb0ffe') in 0.007552 seconds 
  Import took 0.012117 seconds .

========================================================================
Received Prepare
Registering precompiled user dll's ...
Registered in 0.004990 seconds.
Begin MonoManager ReloadAssembly
Native extension for WindowsStandalone target not found
Refreshing native plugins compatible for Editor in 0.61 ms, found 2 plugins.
Preloading 0 native plugins for Editor in 0.00 ms.
Mono: successfully reloaded assembly
- Completed reload, in  1.240 seconds
Domain Reload Profiling:
	ReloadAssembly (1240ms)
		BeginReloadAssembly (119ms)
			ExecutionOrderSort (0ms)
			DisableScriptedObjects (6ms)
			BackupInstance (0ms)
			ReleaseScriptingObjects (0ms)
			CreateAndSetChildDomain (33ms)
		EndReloadAssembly (1069ms)
			LoadAssemblies (77ms)
			RebuildTransferFunctionScriptingTraits (0ms)
			SetupTypeCache (296ms)
			ReleaseScriptCaches (1ms)
			RebuildScriptCaches (46ms)
			SetupLoadedEditorAssemblies (503ms)
				LogAssemblyErrors (0ms)
				InitializePlatformSupportModulesInManaged (4ms)
				SetLoadedEditorAssemblies (0ms)
				RefreshPlugins (1ms)
				BeforeProcessingInitializeOnLoad (82ms)
				ProcessInitializeOnLoadAttributes (405ms)
				ProcessInitializeOnLoadMethodAttributes (6ms)
				AfterProcessingInitializeOnLoad (5ms)
				EditorAssembliesLoaded (0ms)
			ExecutionOrderSort2 (0ms)
			AwakeInstancesAfterBackupRestoration (13ms)
Platform modules already initialized, skipping
Switching build target platform(19) subTarget(0) extendedPlatform(0) -> platform(9) subTarget(16777218) extendedPlatform(0)
Shader 'Universal Render Pipeline/Particles/Lit': fallback shader 'Universal Render Pipeline/Particles/SimpleLit' not found
Shader 'Universal Render Pipeline/Particles/Lit': fallback shader 'Universal Render Pipeline/Particles/SimpleLit' not found
Refreshing native plugins compatible for Editor in 0.50 ms, found 2 plugins.
Preloading 0 native plugins for Editor in 0.00 ms.
Unloading 2790 Unused Serialized files (Serialized files now loaded: 0)
System memory in use before: 130.5 MB.
System memory in use after: 127.8 MB.

Unloading 49 unused Assets to reduce memory usage. Loaded Objects now: 3378.
Total: 4.400900 ms (FindLiveObjects: 0.285400 ms CreateObjectMapping: 0.145100 ms MarkObjects: 2.597400 ms  DeleteObjects: 1.372000 ms)

AssetImportParameters requested are different than current active one (requested -> active):
  custom:framework-win-MediaFoundation: 216162199b28c13a410421893ffa2e32 -> 
  custom:video-decoder-ogg-theora: a1e56fd34408186e4bbccfd4996cb3dc -> 
  custom:container-muxer-webm: aa71ff27fc2769a1b78a27578f13a17b -> 
  custom:container-demuxer-webm: 4f35f7cbe854078d1ac9338744f61a02 -> 
  custom:container-demuxer-ogg: 62fdf1f143b41e24485cea50d1cbac27 -> 
  custom:video-encoder-webm-vp8: eb34c28f22e8b96e1ab97ce403110664 -> 
  custom:video-decoder-webm-vp8: 9c59270c3fd7afecdb556c50c9e8de78 -> 
  custom:graphics/normal-map-encoding: 01000000000000000000000000000000 -> 02000000000000000000000000000000
  custom:audio-decoder-ogg-vorbis: bf7c407c2cedff20999df2af8eb42d56 -> 
  custom:audio-encoder-webm-vorbis: bf7c407c2cedff20999df2af8eb42d56 -> 
AssetImportWorkerClient::OnTransportError - code=2 error=End of file
