Using pre-set license
Built from '2020.3/release' branch; Version is '2020.3.15f2 (6cf78cb77498) revision 7141260'; Using compiler version '192528614'; Build Type 'Release'
OS: 'Windows 10 Home Single Language; OS build 19044.1889; Version 2009; 64bit' Language: 'tr' Physical Memory: 16207 MB
BatchMode: 1, IsHumanControllingUs: 0, StartBugReporterOnCrash: 0, Is64bit: 1, IsPro: 0

 COMMAND LINE ARGUMENTS:
C:\Program Files\Unity\Hub\Editor\2020.3.15f2\Editor\Unity.exe
-adb2
-batchMode
-noUpm
-name
AssetImportWorker0
-projectPath
C:/Users/batuh/Desktop/UnityProjects/AlictusTestCase/DeepClean3D
-logFile
Logs/AssetImportWorker0.log
-srvPort
57460
Successfully changed project path to: C:/Users/batuh/Desktop/UnityProjects/AlictusTestCase/DeepClean3D
C:/Users/batuh/Desktop/UnityProjects/AlictusTestCase/DeepClean3D
Using Asset Import Pipeline V2.
Refreshing native plugins compatible for Editor in 42.91 ms, found 2 plugins.
Preloading 0 native plugins for Editor in 0.00 ms.
Initialize engine version: 2020.3.15f2 (6cf78cb77498)
[Subsystems] Discovering subsystems at path C:/Program Files/Unity/Hub/Editor/2020.3.15f2/Editor/Data/Resources/UnitySubsystems
[Subsystems] Discovering subsystems at path C:/Users/batuh/Desktop/UnityProjects/AlictusTestCase/DeepClean3D/Assets
GfxDevice: creating device client; threaded=0
Direct3D:
    Version:  Direct3D 11.0 [level 11.1]
    Renderer: NVIDIA GeForce RTX 3060 Laptop GPU (ID=0x2520)
    Vendor:   
    VRAM:     6023 MB
    Driver:   30.0.15.1289
Initialize mono
Mono path[0] = 'C:/Program Files/Unity/Hub/Editor/2020.3.15f2/Editor/Data/Managed'
Mono path[1] = 'C:/Program Files/Unity/Hub/Editor/2020.3.15f2/Editor/Data/MonoBleedingEdge/lib/mono/unityjit'
Mono config path = 'C:/Program Files/Unity/Hub/Editor/2020.3.15f2/Editor/Data/MonoBleedingEdge/etc'
Using monoOptions --debugger-agent=transport=dt_socket,embedding=1,server=y,suspend=n,address=127.0.0.1:56480
Begin MonoManager ReloadAssembly
Registering precompiled unity dll's ...
Register platform support module: C:/Program Files/Unity/Hub/Editor/2020.3.15f2/Editor/Data/PlaybackEngines/WindowsStandaloneSupport/UnityEditor.WindowsStandalone.Extensions.dll
Registered in 0.001637 seconds.
Native extension for WindowsStandalone target not found
Refreshing native plugins compatible for Editor in 41.29 ms, found 2 plugins.
Preloading 0 native plugins for Editor in 0.00 ms.
Mono: successfully reloaded assembly
- Completed reload, in  0.973 seconds
Domain Reload Profiling:
	ReloadAssembly (974ms)
		BeginReloadAssembly (45ms)
			ExecutionOrderSort (0ms)
			DisableScriptedObjects (0ms)
			BackupInstance (0ms)
			ReleaseScriptingObjects (0ms)
			CreateAndSetChildDomain (1ms)
		EndReloadAssembly (396ms)
			LoadAssemblies (43ms)
			RebuildTransferFunctionScriptingTraits (0ms)
			SetupTypeCache (148ms)
			ReleaseScriptCaches (0ms)
			RebuildScriptCaches (26ms)
			SetupLoadedEditorAssemblies (159ms)
				LogAssemblyErrors (0ms)
				InitializePlatformSupportModulesInManaged (4ms)
				SetLoadedEditorAssemblies (0ms)
				RefreshPlugins (41ms)
				BeforeProcessingInitializeOnLoad (10ms)
				ProcessInitializeOnLoadAttributes (75ms)
				ProcessInitializeOnLoadMethodAttributes (28ms)
				AfterProcessingInitializeOnLoad (0ms)
				EditorAssembliesLoaded (0ms)
			ExecutionOrderSort2 (0ms)
			AwakeInstancesAfterBackupRestoration (0ms)
Platform modules already initialized, skipping
Registering precompiled user dll's ...
Registered in 0.004863 seconds.
Begin MonoManager ReloadAssembly
Native extension for WindowsStandalone target not found
Refreshing native plugins compatible for Editor in 46.78 ms, found 2 plugins.
Preloading 0 native plugins for Editor in 0.00 ms.
Mono: successfully reloaded assembly
- Completed reload, in  1.384 seconds
Domain Reload Profiling:
	ReloadAssembly (1385ms)
		BeginReloadAssembly (127ms)
			ExecutionOrderSort (0ms)
			DisableScriptedObjects (5ms)
			BackupInstance (0ms)
			ReleaseScriptingObjects (0ms)
			CreateAndSetChildDomain (15ms)
		EndReloadAssembly (1203ms)
			LoadAssemblies (83ms)
			RebuildTransferFunctionScriptingTraits (0ms)
			SetupTypeCache (334ms)
			ReleaseScriptCaches (1ms)
			RebuildScriptCaches (52ms)
			SetupLoadedEditorAssemblies (606ms)
				LogAssemblyErrors (0ms)
				InitializePlatformSupportModulesInManaged (5ms)
				SetLoadedEditorAssemblies (0ms)
				RefreshPlugins (47ms)
				BeforeProcessingInitializeOnLoad (94ms)
				ProcessInitializeOnLoadAttributes (450ms)
				ProcessInitializeOnLoadMethodAttributes (4ms)
				AfterProcessingInitializeOnLoad (6ms)
				EditorAssembliesLoaded (0ms)
			ExecutionOrderSort2 (0ms)
			AwakeInstancesAfterBackupRestoration (6ms)
Platform modules already initialized, skipping
========================================================================
Worker process is ready to serve import requests
Shader 'Universal Render Pipeline/Particles/Lit': fallback shader 'Universal Render Pipeline/Particles/SimpleLit' not found
Shader 'Universal Render Pipeline/Particles/Lit': fallback shader 'Universal Render Pipeline/Particles/SimpleLit' not found
Launched and connected shader compiler UnityShaderCompiler.exe after 0.04 seconds
Refreshing native plugins compatible for Editor in 0.45 ms, found 2 plugins.
Preloading 0 native plugins for Editor in 0.00 ms.
Unloading 2719 Unused Serialized files (Serialized files now loaded: 0)
System memory in use before: 122.1 MB.
System memory in use after: 119.3 MB.

Unloading 56 unused Assets to reduce memory usage. Loaded Objects now: 3118.
Total: 3.756600 ms (FindLiveObjects: 0.244800 ms CreateObjectMapping: 0.126500 ms MarkObjects: 2.225900 ms  DeleteObjects: 1.158300 ms)

AssetImportParameters requested are different than current active one (requested -> active):
  custom:framework-win-MediaFoundation: 216162199b28c13a410421893ffa2e32 -> 
  custom:video-decoder-ogg-theora: a1e56fd34408186e4bbccfd4996cb3dc -> 
  custom:container-muxer-webm: aa71ff27fc2769a1b78a27578f13a17b -> 
  custom:container-demuxer-webm: 4f35f7cbe854078d1ac9338744f61a02 -> 
  custom:container-demuxer-ogg: 62fdf1f143b41e24485cea50d1cbac27 -> 
  custom:video-encoder-webm-vp8: eb34c28f22e8b96e1ab97ce403110664 -> 
  custom:video-decoder-webm-vp8: 9c59270c3fd7afecdb556c50c9e8de78 -> 
  custom:audio-decoder-ogg-vorbis: bf7c407c2cedff20999df2af8eb42d56 -> 
  custom:audio-encoder-webm-vorbis: bf7c407c2cedff20999df2af8eb42d56 -> 
========================================================================
Received Import Request.
  path: Assets/Materials/CheeseTexture.mat
  artifactKey: Guid(f771790e428be6548a416e48437a3eec) Importer(815301076,1909f56bfc062723c751e8b465ee728b)
Start importing Assets/Materials/CheeseTexture.mat using Guid(f771790e428be6548a416e48437a3eec) Importer(815301076,1909f56bfc062723c751e8b465ee728b)  -> (artifact id: '9bf43fb8e661431b17e0a56314bb9940') in 0.208231 seconds 
  Import took 0.212011 seconds .

========================================================================
Received Import Request.
  Time since last request: 2.781230 seconds.
  path: Assets/Plugins/Demigiant/DOTween/Editor/Imgs/DOTweenIcon.png
  artifactKey: Guid(8da095e39e9b4df488dfd436f81116d6) Importer(815301076,1909f56bfc062723c751e8b465ee728b)
Start importing Assets/Plugins/Demigiant/DOTween/Editor/Imgs/DOTweenIcon.png using Guid(8da095e39e9b4df488dfd436f81116d6) Importer(815301076,1909f56bfc062723c751e8b465ee728b)  -> (artifact id: '0948dc547976b3a937a8a20c359457e9') in 0.049413 seconds 
  Import took 0.053991 seconds .

========================================================================
Received Import Request.
  Time since last request: 0.000193 seconds.
  path: Assets/Plugins/Demigiant/DOTween/Editor/Imgs/Header.jpg
  artifactKey: Guid(78a59ca99f8987941adb61f9e14a06a7) Importer(815301076,1909f56bfc062723c751e8b465ee728b)
Start importing Assets/Plugins/Demigiant/DOTween/Editor/Imgs/Header.jpg using Guid(78a59ca99f8987941adb61f9e14a06a7) Importer(815301076,1909f56bfc062723c751e8b465ee728b)  -> (artifact id: '7aef524afc676bf52e1b0c469ab6f5ff') in 0.016055 seconds 
  Import took 0.020801 seconds .

========================================================================
Received Import Request.
  Time since last request: 0.000197 seconds.
  path: Assets/Plugins/Demigiant/DOTween/Editor/Imgs/Footer.png
  artifactKey: Guid(7051dba417b3d53409f2918f1ea4938d) Importer(815301076,1909f56bfc062723c751e8b465ee728b)
Start importing Assets/Plugins/Demigiant/DOTween/Editor/Imgs/Footer.png using Guid(7051dba417b3d53409f2918f1ea4938d) Importer(815301076,1909f56bfc062723c751e8b465ee728b)  -> (artifact id: 'fdb5423d5e7f0b70782074cde4efb819') in 0.013032 seconds 
  Import took 0.019390 seconds .

========================================================================
Received Import Request.
  Time since last request: 0.000198 seconds.
  path: Assets/Plugins/Demigiant/DOTween/Editor/Imgs/Footer_dark.png
  artifactKey: Guid(519694efe2bb2914788b151fbd8c01f4) Importer(815301076,1909f56bfc062723c751e8b465ee728b)
Start importing Assets/Plugins/Demigiant/DOTween/Editor/Imgs/Footer_dark.png using Guid(519694efe2bb2914788b151fbd8c01f4) Importer(815301076,1909f56bfc062723c751e8b465ee728b)  -> (artifact id: '9526d9ad1bf8f6a01cf968f74d61537c') in 0.026707 seconds 
  Import took 0.031956 seconds .

========================================================================
Received Import Request.
  Time since last request: 0.000287 seconds.
  path: Assets/Plugins/Demigiant/DOTween/Editor/Imgs/DOTweenIcon.png
  artifactKey: Guid(8da095e39e9b4df488dfd436f81116d6) Importer(815301076,1909f56bfc062723c751e8b465ee728b)
Start importing Assets/Plugins/Demigiant/DOTween/Editor/Imgs/DOTweenIcon.png using Guid(8da095e39e9b4df488dfd436f81116d6) Importer(815301076,1909f56bfc062723c751e8b465ee728b)  -> (artifact id: '0948dc547976b3a937a8a20c359457e9') in 0.014322 seconds 
  Import took 0.019752 seconds .

========================================================================
Received Import Request.
  Time since last request: 0.000148 seconds.
  path: Assets/Plugins/Demigiant/DOTween/Editor/Imgs/DOTweenMiniIcon.png
  artifactKey: Guid(61521df2e071645488ba3d05e49289ae) Importer(815301076,1909f56bfc062723c751e8b465ee728b)
Start importing Assets/Plugins/Demigiant/DOTween/Editor/Imgs/DOTweenMiniIcon.png using Guid(61521df2e071645488ba3d05e49289ae) Importer(815301076,1909f56bfc062723c751e8b465ee728b)  -> (artifact id: '052657f06307b044f7e29ceece71bc59') in 0.014128 seconds 
  Import took 0.018996 seconds .

========================================================================
Received Prepare
Registering precompiled user dll's ...
Registered in 0.005063 seconds.
Begin MonoManager ReloadAssembly
Native extension for WindowsStandalone target not found
Refreshing native plugins compatible for Editor in 0.47 ms, found 2 plugins.
Preloading 0 native plugins for Editor in 0.00 ms.
Mono: successfully reloaded assembly
- Completed reload, in  1.227 seconds
Domain Reload Profiling:
	ReloadAssembly (1228ms)
		BeginReloadAssembly (120ms)
			ExecutionOrderSort (0ms)
			DisableScriptedObjects (6ms)
			BackupInstance (0ms)
			ReleaseScriptingObjects (0ms)
			CreateAndSetChildDomain (34ms)
		EndReloadAssembly (1047ms)
			LoadAssemblies (79ms)
			RebuildTransferFunctionScriptingTraits (0ms)
			SetupTypeCache (276ms)
			ReleaseScriptCaches (1ms)
			RebuildScriptCaches (40ms)
			SetupLoadedEditorAssemblies (502ms)
				LogAssemblyErrors (0ms)
				InitializePlatformSupportModulesInManaged (4ms)
				SetLoadedEditorAssemblies (0ms)
				RefreshPlugins (1ms)
				BeforeProcessingInitializeOnLoad (83ms)
				ProcessInitializeOnLoadAttributes (403ms)
				ProcessInitializeOnLoadMethodAttributes (5ms)
				AfterProcessingInitializeOnLoad (6ms)
				EditorAssembliesLoaded (0ms)
			ExecutionOrderSort2 (0ms)
			AwakeInstancesAfterBackupRestoration (12ms)
Platform modules already initialized, skipping
Switching build target platform(19) subTarget(0) extendedPlatform(0) -> platform(9) subTarget(16777218) extendedPlatform(0)
Shader 'Universal Render Pipeline/Particles/Lit': fallback shader 'Universal Render Pipeline/Particles/SimpleLit' not found
Shader 'Universal Render Pipeline/Particles/Lit': fallback shader 'Universal Render Pipeline/Particles/SimpleLit' not found
Refreshing native plugins compatible for Editor in 0.49 ms, found 2 plugins.
Preloading 0 native plugins for Editor in 0.00 ms.
Unloading 2647 Unused Serialized files (Serialized files now loaded: 0)
System memory in use before: 123.8 MB.
System memory in use after: 121.0 MB.

Unloading 51 unused Assets to reduce memory usage. Loaded Objects now: 3205.
Total: 4.935300 ms (FindLiveObjects: 0.293200 ms CreateObjectMapping: 0.112900 ms MarkObjects: 3.262100 ms  DeleteObjects: 1.266000 ms)

AssetImportParameters requested are different than current active one (requested -> active):
  custom:framework-win-MediaFoundation: 216162199b28c13a410421893ffa2e32 -> 
  custom:video-decoder-ogg-theora: a1e56fd34408186e4bbccfd4996cb3dc -> 
  custom:container-muxer-webm: aa71ff27fc2769a1b78a27578f13a17b -> 
  custom:container-demuxer-webm: 4f35f7cbe854078d1ac9338744f61a02 -> 
  custom:container-demuxer-ogg: 62fdf1f143b41e24485cea50d1cbac27 -> 
  custom:video-encoder-webm-vp8: eb34c28f22e8b96e1ab97ce403110664 -> 
  custom:video-decoder-webm-vp8: 9c59270c3fd7afecdb556c50c9e8de78 -> 
  custom:graphics/normal-map-encoding: 01000000000000000000000000000000 -> 02000000000000000000000000000000
  custom:audio-decoder-ogg-vorbis: bf7c407c2cedff20999df2af8eb42d56 -> 
  custom:audio-encoder-webm-vorbis: bf7c407c2cedff20999df2af8eb42d56 -> 
========================================================================
Received Import Request.
  Time since last request: 2329.959223 seconds.
  path: Assets/Shader
  artifactKey: Guid(729ef33a4c6db0c4bbd4c5db24a1e152) Importer(815301076,1909f56bfc062723c751e8b465ee728b)
Start importing Assets/Shader using Guid(729ef33a4c6db0c4bbd4c5db24a1e152) Importer(815301076,1909f56bfc062723c751e8b465ee728b)  -> (artifact id: '8019500403afa1e808e6a8a59576d1b8') in 0.050081 seconds 
  Import took 0.081151 seconds .

========================================================================
Received Import Request.
  Time since last request: 15.650713 seconds.
  path: Assets/Shader/Carpet.shadergraph
  artifactKey: Guid(c6dd40456f0791049a2a5bb65090b021) Importer(815301076,1909f56bfc062723c751e8b465ee728b)
Start importing Assets/Shader/Carpet.shadergraph using Guid(c6dd40456f0791049a2a5bb65090b021) Importer(815301076,1909f56bfc062723c751e8b465ee728b)  -> (artifact id: '5e04cd5d8499878bf610c5df0019840f') in 0.065365 seconds 
  Import took 0.070471 seconds .

========================================================================
Received Import Request.
  Time since last request: 538.565879 seconds.
  path: Assets/Shader/Carpet.shadergraph
  artifactKey: Guid(c6dd40456f0791049a2a5bb65090b021) Importer(815301076,1909f56bfc062723c751e8b465ee728b)
Start importing Assets/Shader/Carpet.shadergraph using Guid(c6dd40456f0791049a2a5bb65090b021) Importer(815301076,1909f56bfc062723c751e8b465ee728b)  -> (artifact id: 'b25144fe32aedfe4af41fc506660b3c3') in 0.004855 seconds 
  Import took 0.011004 seconds .

========================================================================
Received Import Request.
  Time since last request: 60.919142 seconds.
  path: Assets/Shader/Carpet.shadergraph
  artifactKey: Guid(c6dd40456f0791049a2a5bb65090b021) Importer(815301076,1909f56bfc062723c751e8b465ee728b)
Start importing Assets/Shader/Carpet.shadergraph using Guid(c6dd40456f0791049a2a5bb65090b021) Importer(815301076,1909f56bfc062723c751e8b465ee728b)  -> (artifact id: 'e6f352a808298fc9813467ae6db3ddb2') in 0.003562 seconds 
  Import took 0.008360 seconds .

========================================================================
Received Import Request.
  Time since last request: 23.273036 seconds.
  path: Assets/Shader/CarpetDEneme.mat
  artifactKey: Guid(05e656acdfb51cd48bd59d189082f6f0) Importer(815301076,1909f56bfc062723c751e8b465ee728b)
Start importing Assets/Shader/CarpetDEneme.mat using Guid(05e656acdfb51cd48bd59d189082f6f0) Importer(815301076,1909f56bfc062723c751e8b465ee728b)  -> (artifact id: 'd933c691fdc4052e5937abb72ad049b1') in 0.299854 seconds 
  Import took 0.304268 seconds .

========================================================================
Received Import Request.
  Time since last request: 195.252224 seconds.
  path: Assets/Shader/New Shader Graph.shadergraph
  artifactKey: Guid(bd380b9c02d84714ba59511ac1d0350d) Importer(815301076,1909f56bfc062723c751e8b465ee728b)
Start importing Assets/Shader/New Shader Graph.shadergraph using Guid(bd380b9c02d84714ba59511ac1d0350d) Importer(815301076,1909f56bfc062723c751e8b465ee728b)  -> (artifact id: '09a31e34f8883339380e251c635d3b7a') in 0.008645 seconds 
  Import took 0.013323 seconds .

========================================================================
Received Import Request.
  Time since last request: 0.382662 seconds.
  path: Assets/Shader/New Shader Graph.shadergraph
  artifactKey: Guid(bd380b9c02d84714ba59511ac1d0350d) Importer(815301076,1909f56bfc062723c751e8b465ee728b)
Start importing Assets/Shader/New Shader Graph.shadergraph using Guid(bd380b9c02d84714ba59511ac1d0350d) Importer(815301076,1909f56bfc062723c751e8b465ee728b)  -> (artifact id: '09a31e34f8883339380e251c635d3b7a') in 0.004502 seconds 
  Import took 0.009692 seconds .

========================================================================
Received Import Request.
  Time since last request: 9.631754 seconds.
  path: Assets/Shader/Carpet.shadergraph
  artifactKey: Guid(c6dd40456f0791049a2a5bb65090b021) Importer(815301076,1909f56bfc062723c751e8b465ee728b)
Start importing Assets/Shader/Carpet.shadergraph using Guid(c6dd40456f0791049a2a5bb65090b021) Importer(815301076,1909f56bfc062723c751e8b465ee728b)  -> (artifact id: '1bea53ecccd67d0e9f1f2bea55e36600') in 0.004077 seconds 
  Import took 0.008861 seconds .

========================================================================
Received Import Request.
  Time since last request: 0.002197 seconds.
  path: Assets/Shader/Carpet.shadergraph
  artifactKey: Guid(c6dd40456f0791049a2a5bb65090b021) Importer(815301076,1909f56bfc062723c751e8b465ee728b)
Start importing Assets/Shader/Carpet.shadergraph using Guid(c6dd40456f0791049a2a5bb65090b021) Importer(815301076,1909f56bfc062723c751e8b465ee728b)  -> (artifact id: '1bea53ecccd67d0e9f1f2bea55e36600') in 0.003828 seconds 
  Import took 0.008125 seconds .

========================================================================
Received Import Request.
  Time since last request: 213.818748 seconds.
  path: Assets/Shader/New Shader Graph.shadergraph
  artifactKey: Guid(bd380b9c02d84714ba59511ac1d0350d) Importer(815301076,1909f56bfc062723c751e8b465ee728b)
Start importing Assets/Shader/New Shader Graph.shadergraph using Guid(bd380b9c02d84714ba59511ac1d0350d) Importer(815301076,1909f56bfc062723c751e8b465ee728b)  -> (artifact id: '0317b8346af1dbf1ae00537e45d752d2') in 0.004148 seconds 
  Import took 0.009211 seconds .

========================================================================
Received Import Request.
  Time since last request: 0.000837 seconds.
  path: Assets/Shader/New Shader Graph.shadergraph
  artifactKey: Guid(bd380b9c02d84714ba59511ac1d0350d) Importer(815301076,1909f56bfc062723c751e8b465ee728b)
Start importing Assets/Shader/New Shader Graph.shadergraph using Guid(bd380b9c02d84714ba59511ac1d0350d) Importer(815301076,1909f56bfc062723c751e8b465ee728b)  -> (artifact id: '0317b8346af1dbf1ae00537e45d752d2') in 0.004218 seconds 
  Import took 0.009327 seconds .

========================================================================
Received Import Request.
  Time since last request: 5.159437 seconds.
  path: Assets/Shader/Carpet.shadergraph
  artifactKey: Guid(bd380b9c02d84714ba59511ac1d0350d) Importer(815301076,1909f56bfc062723c751e8b465ee728b)
Start importing Assets/Shader/Carpet.shadergraph using Guid(bd380b9c02d84714ba59511ac1d0350d) Importer(815301076,1909f56bfc062723c751e8b465ee728b)  -> (artifact id: '5df01b94120aad0810720a0f157e78e6') in 0.004140 seconds 
  Import took 0.008738 seconds .

========================================================================
Received Import Request.
  Time since last request: 669.584130 seconds.
  path: Assets/Shader/CarpetDEneme.mat
  artifactKey: Guid(05e656acdfb51cd48bd59d189082f6f0) Importer(815301076,1909f56bfc062723c751e8b465ee728b)
Start importing Assets/Shader/CarpetDEneme.mat using Guid(05e656acdfb51cd48bd59d189082f6f0) Importer(815301076,1909f56bfc062723c751e8b465ee728b)  -> (artifact id: 'e894291921d1ca89c4df3496f5d030f3') in 0.674988 seconds 
  Import took 0.680025 seconds .

========================================================================
Received Import Request.
  Time since last request: 172.099273 seconds.
  path: Assets/MiniGame/CheesyPuff_Minigame/CheesyPuff_Sprites/21smM0NvKdL._AC_SY780_.jpg
  artifactKey: Guid(2711a51551ccefe45a507e056df9a5f3) Importer(815301076,1909f56bfc062723c751e8b465ee728b)
Start importing Assets/MiniGame/CheesyPuff_Minigame/CheesyPuff_Sprites/21smM0NvKdL._AC_SY780_.jpg using Guid(2711a51551ccefe45a507e056df9a5f3) Importer(815301076,1909f56bfc062723c751e8b465ee728b)  -> (artifact id: '76c184980adbedb9ac1c88fe9355f209') in 0.069074 seconds 
  Import took 0.073269 seconds .

========================================================================
Received Prepare
Registering precompiled user dll's ...
Registered in 0.139484 seconds.
Begin MonoManager ReloadAssembly
Native extension for WindowsStandalone target not found
Refreshing native plugins compatible for Editor in 0.58 ms, found 2 plugins.
Preloading 0 native plugins for Editor in 0.00 ms.
Mono: successfully reloaded assembly
- Completed reload, in  1.337 seconds
Domain Reload Profiling:
	ReloadAssembly (1337ms)
		BeginReloadAssembly (164ms)
			ExecutionOrderSort (0ms)
			DisableScriptedObjects (9ms)
			BackupInstance (0ms)
			ReleaseScriptingObjects (0ms)
			CreateAndSetChildDomain (81ms)
		EndReloadAssembly (1115ms)
			LoadAssemblies (86ms)
			RebuildTransferFunctionScriptingTraits (0ms)
			SetupTypeCache (291ms)
			ReleaseScriptCaches (1ms)
			RebuildScriptCaches (36ms)
			SetupLoadedEditorAssemblies (513ms)
				LogAssemblyErrors (0ms)
				InitializePlatformSupportModulesInManaged (4ms)
				SetLoadedEditorAssemblies (0ms)
				RefreshPlugins (1ms)
				BeforeProcessingInitializeOnLoad (88ms)
				ProcessInitializeOnLoadAttributes (408ms)
				ProcessInitializeOnLoadMethodAttributes (5ms)
				AfterProcessingInitializeOnLoad (7ms)
				EditorAssembliesLoaded (0ms)
			ExecutionOrderSort2 (0ms)
			AwakeInstancesAfterBackupRestoration (13ms)
Platform modules already initialized, skipping
Switching build target platform(19) subTarget(0) extendedPlatform(0) -> platform(9) subTarget(16777218) extendedPlatform(0)
Shader 'Universal Render Pipeline/Particles/Lit': fallback shader 'Universal Render Pipeline/Particles/SimpleLit' not found
Shader 'Universal Render Pipeline/Particles/Lit': fallback shader 'Universal Render Pipeline/Particles/SimpleLit' not found
Refreshing native plugins compatible for Editor in 0.49 ms, found 2 plugins.
Preloading 0 native plugins for Editor in 0.00 ms.
Unloading 2648 Unused Serialized files (Serialized files now loaded: 0)
System memory in use before: 124.4 MB.
System memory in use after: 121.7 MB.

Unloading 51 unused Assets to reduce memory usage. Loaded Objects now: 3245.
Total: 5.331100 ms (FindLiveObjects: 0.337200 ms CreateObjectMapping: 0.198700 ms MarkObjects: 3.136300 ms  DeleteObjects: 1.657400 ms)

AssetImportParameters requested are different than current active one (requested -> active):
  custom:framework-win-MediaFoundation: 216162199b28c13a410421893ffa2e32 -> 
  custom:video-decoder-ogg-theora: a1e56fd34408186e4bbccfd4996cb3dc -> 
  custom:container-muxer-webm: aa71ff27fc2769a1b78a27578f13a17b -> 
  custom:container-demuxer-webm: 4f35f7cbe854078d1ac9338744f61a02 -> 
  custom:container-demuxer-ogg: 62fdf1f143b41e24485cea50d1cbac27 -> 
  custom:video-encoder-webm-vp8: eb34c28f22e8b96e1ab97ce403110664 -> 
  custom:video-decoder-webm-vp8: 9c59270c3fd7afecdb556c50c9e8de78 -> 
  custom:graphics/normal-map-encoding: 01000000000000000000000000000000 -> 02000000000000000000000000000000
  custom:audio-decoder-ogg-vorbis: bf7c407c2cedff20999df2af8eb42d56 -> 
  custom:audio-encoder-webm-vorbis: bf7c407c2cedff20999df2af8eb42d56 -> 
========================================================================
Received Import Request.
  Time since last request: 381.679918 seconds.
  path: Assets/Resources/DOTweenSettings.asset
  artifactKey: Guid(c5497c4aebf994649b7c6159f5901b10) Importer(815301076,1909f56bfc062723c751e8b465ee728b)
Start importing Assets/Resources/DOTweenSettings.asset using Guid(c5497c4aebf994649b7c6159f5901b10) Importer(815301076,1909f56bfc062723c751e8b465ee728b)  -> (artifact id: '8a0301780200b990a7c5b74436e57fd5') in 0.023528 seconds 
  Import took 0.030119 seconds .

========================================================================
Received Import Request.
  Time since last request: 1.039149 seconds.
  path: Assets/Shader/CarpetDEneme.mat
  artifactKey: Guid(05e656acdfb51cd48bd59d189082f6f0) Importer(815301076,1909f56bfc062723c751e8b465ee728b)
Start importing Assets/Shader/CarpetDEneme.mat using Guid(05e656acdfb51cd48bd59d189082f6f0) Importer(815301076,1909f56bfc062723c751e8b465ee728b)  -> (artifact id: '5e06e14a1ff588ac5fb79d05c6bdc340') in 0.201952 seconds 
  Import took 0.205882 seconds .

========================================================================
Received Import Request.
  Time since last request: 0.687603 seconds.
  path: Assets/Shader/Carpet.shadergraph
  artifactKey: Guid(bd380b9c02d84714ba59511ac1d0350d) Importer(815301076,1909f56bfc062723c751e8b465ee728b)
Start importing Assets/Shader/Carpet.shadergraph using Guid(bd380b9c02d84714ba59511ac1d0350d) Importer(815301076,1909f56bfc062723c751e8b465ee728b)  -> (artifact id: '11835c8c31359af7757e226b4305e1de') in 0.007293 seconds 
  Import took 0.013540 seconds .

========================================================================
Received Import Request.
  Time since last request: 0.001695 seconds.
  path: Assets/Shader/Carpet.shadergraph
  artifactKey: Guid(bd380b9c02d84714ba59511ac1d0350d) Importer(815301076,1909f56bfc062723c751e8b465ee728b)
Start importing Assets/Shader/Carpet.shadergraph using Guid(bd380b9c02d84714ba59511ac1d0350d) Importer(815301076,1909f56bfc062723c751e8b465ee728b)  -> (artifact id: '11835c8c31359af7757e226b4305e1de') in 0.002489 seconds 
  Import took 0.006370 seconds .

========================================================================
Received Import Request.
  Time since last request: 0.383187 seconds.
  path: Assets/Shader/Carpet 1.shadergraph
  artifactKey: Guid(50a4542ed2079fb49973db51aa70c2ff) Importer(815301076,1909f56bfc062723c751e8b465ee728b)
Start importing Assets/Shader/Carpet 1.shadergraph using Guid(50a4542ed2079fb49973db51aa70c2ff) Importer(815301076,1909f56bfc062723c751e8b465ee728b)  -> (artifact id: '6ee738736a29aadb78ba713d4d135e3b') in 0.008801 seconds 
  Import took 0.014514 seconds .

========================================================================
Received Import Request.
  Time since last request: 24.200225 seconds.
  path: Assets/Shader/Carpet 1.shadergraph
  artifactKey: Guid(50a4542ed2079fb49973db51aa70c2ff) Importer(815301076,1909f56bfc062723c751e8b465ee728b)
Start importing Assets/Shader/Carpet 1.shadergraph using Guid(50a4542ed2079fb49973db51aa70c2ff) Importer(815301076,1909f56bfc062723c751e8b465ee728b)  -> (artifact id: 'fd5c56757b1e4863039aaf34c2cc2f50') in 0.005223 seconds 
  Import took 0.011145 seconds .

========================================================================
Received Import Request.
  Time since last request: 10.996230 seconds.
  path: Assets/Shader/Carpet.shadergraph
  artifactKey: Guid(bd380b9c02d84714ba59511ac1d0350d) Importer(815301076,1909f56bfc062723c751e8b465ee728b)
Start importing Assets/Shader/Carpet.shadergraph using Guid(bd380b9c02d84714ba59511ac1d0350d) Importer(815301076,1909f56bfc062723c751e8b465ee728b)  -> (artifact id: 'f0ba6cee27008b532e4d4628a5dc8f6a') in 0.003342 seconds 
  Import took 0.008421 seconds .

========================================================================
Received Import Request.
  Time since last request: 136.773876 seconds.
  path: Assets/Shader/Carpet 1.shadergraph
  artifactKey: Guid(50a4542ed2079fb49973db51aa70c2ff) Importer(815301076,1909f56bfc062723c751e8b465ee728b)
Start importing Assets/Shader/Carpet 1.shadergraph using Guid(50a4542ed2079fb49973db51aa70c2ff) Importer(815301076,1909f56bfc062723c751e8b465ee728b)  -> (artifact id: 'ea23054cce534517e3fb1403b1c4ea9c') in 0.004450 seconds 
  Import took 0.009646 seconds .

========================================================================
Received Import Request.
  Time since last request: 45.496056 seconds.
  path: Assets/Shader/Carpet 1.shadergraph
  artifactKey: Guid(50a4542ed2079fb49973db51aa70c2ff) Importer(815301076,1909f56bfc062723c751e8b465ee728b)
Start importing Assets/Shader/Carpet 1.shadergraph using Guid(50a4542ed2079fb49973db51aa70c2ff) Importer(815301076,1909f56bfc062723c751e8b465ee728b)  -> (artifact id: '8d72766b79b0aedcab8d4db9dee6fb04') in 0.004029 seconds 
  Import took 0.009020 seconds .

========================================================================
Received Import Request.
  Time since last request: 213.154083 seconds.
  path: Assets/Shader/Carpet 1.shadergraph
  artifactKey: Guid(50a4542ed2079fb49973db51aa70c2ff) Importer(815301076,1909f56bfc062723c751e8b465ee728b)
Start importing Assets/Shader/Carpet 1.shadergraph using Guid(50a4542ed2079fb49973db51aa70c2ff) Importer(815301076,1909f56bfc062723c751e8b465ee728b)  -> (artifact id: '954850c0fca473593d9a0434080bb973') in 0.004322 seconds 
  Import took 0.010023 seconds .

========================================================================
Received Import Request.
  Time since last request: 483.166018 seconds.
  path: Assets/Shader/CarpetDEneme.mat
  artifactKey: Guid(05e656acdfb51cd48bd59d189082f6f0) Importer(815301076,1909f56bfc062723c751e8b465ee728b)
Start importing Assets/Shader/CarpetDEneme.mat using Guid(05e656acdfb51cd48bd59d189082f6f0) Importer(815301076,1909f56bfc062723c751e8b465ee728b)  -> (artifact id: 'a42aa8e118283270fe1b3d620635340c') in 0.673623 seconds 
  Import took 0.678163 seconds .

========================================================================
Received Prepare
Registering precompiled user dll's ...
Registered in 0.004626 seconds.
Begin MonoManager ReloadAssembly
Native extension for WindowsStandalone target not found
Refreshing native plugins compatible for Editor in 0.68 ms, found 2 plugins.
Preloading 0 native plugins for Editor in 0.00 ms.
Mono: successfully reloaded assembly
- Completed reload, in  1.216 seconds
Domain Reload Profiling:
	ReloadAssembly (1217ms)
		BeginReloadAssembly (111ms)
			ExecutionOrderSort (0ms)
			DisableScriptedObjects (6ms)
			BackupInstance (0ms)
			ReleaseScriptingObjects (0ms)
			CreateAndSetChildDomain (34ms)
		EndReloadAssembly (1050ms)
			LoadAssemblies (78ms)
			RebuildTransferFunctionScriptingTraits (0ms)
			SetupTypeCache (280ms)
			ReleaseScriptCaches (1ms)
			RebuildScriptCaches (37ms)
			SetupLoadedEditorAssemblies (502ms)
				LogAssemblyErrors (0ms)
				InitializePlatformSupportModulesInManaged (3ms)
				SetLoadedEditorAssemblies (0ms)
				RefreshPlugins (1ms)
				BeforeProcessingInitializeOnLoad (83ms)
				ProcessInitializeOnLoadAttributes (403ms)
				ProcessInitializeOnLoadMethodAttributes (5ms)
				AfterProcessingInitializeOnLoad (7ms)
				EditorAssembliesLoaded (0ms)
			ExecutionOrderSort2 (0ms)
			AwakeInstancesAfterBackupRestoration (17ms)
Platform modules already initialized, skipping
Switching build target platform(19) subTarget(0) extendedPlatform(0) -> platform(9) subTarget(16777218) extendedPlatform(0)
Shader 'Universal Render Pipeline/Particles/Lit': fallback shader 'Universal Render Pipeline/Particles/SimpleLit' not found
Shader 'Universal Render Pipeline/Particles/Lit': fallback shader 'Universal Render Pipeline/Particles/SimpleLit' not found
Refreshing native plugins compatible for Editor in 0.47 ms, found 2 plugins.
Preloading 0 native plugins for Editor in 0.00 ms.
Unloading 2648 Unused Serialized files (Serialized files now loaded: 0)
System memory in use before: 125.1 MB.
System memory in use after: 122.3 MB.

Unloading 51 unused Assets to reduce memory usage. Loaded Objects now: 3285.
Total: 4.369800 ms (FindLiveObjects: 0.273100 ms CreateObjectMapping: 0.109100 ms MarkObjects: 2.651100 ms  DeleteObjects: 1.335800 ms)

AssetImportParameters requested are different than current active one (requested -> active):
  custom:framework-win-MediaFoundation: 216162199b28c13a410421893ffa2e32 -> 
  custom:video-decoder-ogg-theora: a1e56fd34408186e4bbccfd4996cb3dc -> 
  custom:container-muxer-webm: aa71ff27fc2769a1b78a27578f13a17b -> 
  custom:container-demuxer-webm: 4f35f7cbe854078d1ac9338744f61a02 -> 
  custom:container-demuxer-ogg: 62fdf1f143b41e24485cea50d1cbac27 -> 
  custom:video-encoder-webm-vp8: eb34c28f22e8b96e1ab97ce403110664 -> 
  custom:video-decoder-webm-vp8: 9c59270c3fd7afecdb556c50c9e8de78 -> 
  custom:graphics/normal-map-encoding: 01000000000000000000000000000000 -> 02000000000000000000000000000000
  custom:audio-decoder-ogg-vorbis: bf7c407c2cedff20999df2af8eb42d56 -> 
  custom:audio-encoder-webm-vorbis: bf7c407c2cedff20999df2af8eb42d56 -> 
========================================================================
Received Import Request.
  Time since last request: 374.888958 seconds.
  path: Assets/MiniGame/CheesyPuff_Minigame/CheesyPuff_Sprites/Dirt _2.png
  artifactKey: Guid(48816878a562b4eb2b642154ca85c7f3) Importer(815301076,1909f56bfc062723c751e8b465ee728b)
Start importing Assets/MiniGame/CheesyPuff_Minigame/CheesyPuff_Sprites/Dirt _2.png using Guid(48816878a562b4eb2b642154ca85c7f3) Importer(815301076,1909f56bfc062723c751e8b465ee728b)  -> (artifact id: '61acd4dc5e8fdb312b6dc6cd54fbd9c9') in 0.111713 seconds 
  Import took 0.116103 seconds .

========================================================================
Received Import Request.
  Time since last request: 0.657226 seconds.
  path: Assets/MiniGame/CheesyPuff_Minigame/CheesyPuff_Sprites/Dirt _2.png
  artifactKey: Guid(48816878a562b4eb2b642154ca85c7f3) Importer(815301076,1909f56bfc062723c751e8b465ee728b)
Start importing Assets/MiniGame/CheesyPuff_Minigame/CheesyPuff_Sprites/Dirt _2.png using Guid(48816878a562b4eb2b642154ca85c7f3) Importer(815301076,1909f56bfc062723c751e8b465ee728b)  -> (artifact id: '61acd4dc5e8fdb312b6dc6cd54fbd9c9') in 0.085631 seconds 
  Import took 0.089509 seconds .

========================================================================
Received Import Request.
  Time since last request: 4.481863 seconds.
  path: Assets/MiniGame/CheesyPuff_Minigame/CheesyPuff_Sprites/Dirt _2.png
  artifactKey: Guid(48816878a562b4eb2b642154ca85c7f3) Importer(815301076,1909f56bfc062723c751e8b465ee728b)
Start importing Assets/MiniGame/CheesyPuff_Minigame/CheesyPuff_Sprites/Dirt _2.png using Guid(48816878a562b4eb2b642154ca85c7f3) Importer(815301076,1909f56bfc062723c751e8b465ee728b)  -> (artifact id: '33bc782918511fa1620872dacd5b04f6') in 0.104753 seconds 
  Import took 0.108723 seconds .

========================================================================
Received Import Request.
  Time since last request: 18.120682 seconds.
  path: Assets/MiniGame/CheesyPuff_Minigame/CheesyPuff_Sprites/Dirt _2.png
  artifactKey: Guid(48816878a562b4eb2b642154ca85c7f3) Importer(815301076,1909f56bfc062723c751e8b465ee728b)
Start importing Assets/MiniGame/CheesyPuff_Minigame/CheesyPuff_Sprites/Dirt _2.png using Guid(48816878a562b4eb2b642154ca85c7f3) Importer(815301076,1909f56bfc062723c751e8b465ee728b)  -> (artifact id: 'e47a3324eed344d80d5ff1371076a7ea') in 0.102672 seconds 
  Import took 0.106473 seconds .

========================================================================
Received Import Request.
  Time since last request: 6.911940 seconds.
  path: Assets/MiniGame/CheesyPuff_Minigame/CheesyPuff_Sprites/Dirt _2.png
  artifactKey: Guid(48816878a562b4eb2b642154ca85c7f3) Importer(815301076,1909f56bfc062723c751e8b465ee728b)
Start importing Assets/MiniGame/CheesyPuff_Minigame/CheesyPuff_Sprites/Dirt _2.png using Guid(48816878a562b4eb2b642154ca85c7f3) Importer(815301076,1909f56bfc062723c751e8b465ee728b)  -> (artifact id: '4afc02c452d462a7443fb282cb4c5cbf') in 0.105304 seconds 
  Import took 0.109783 seconds .

========================================================================
Received Import Request.
  Time since last request: 9.285952 seconds.
  path: Assets/MiniGame/CheesyPuff_Minigame/CheesyPuff_Sprites/Dirt _2.png
  artifactKey: Guid(48816878a562b4eb2b642154ca85c7f3) Importer(815301076,1909f56bfc062723c751e8b465ee728b)
Start importing Assets/MiniGame/CheesyPuff_Minigame/CheesyPuff_Sprites/Dirt _2.png using Guid(48816878a562b4eb2b642154ca85c7f3) Importer(815301076,1909f56bfc062723c751e8b465ee728b)  -> (artifact id: 'c67a90ad9ab0e4526a2a8f2583ad1ff2') in 0.105434 seconds 
  Import took 0.109990 seconds .

========================================================================
Received Import Request.
  Time since last request: 93.698363 seconds.
  path: Assets/MiniGame/CheesyPuff_Minigame/CheesyPuff_Sprites/Dirt _2.png
  artifactKey: Guid(48816878a562b4eb2b642154ca85c7f3) Importer(815301076,1909f56bfc062723c751e8b465ee728b)
Start importing Assets/MiniGame/CheesyPuff_Minigame/CheesyPuff_Sprites/Dirt _2.png using Guid(48816878a562b4eb2b642154ca85c7f3) Importer(815301076,1909f56bfc062723c751e8b465ee728b)  -> (artifact id: 'fee05a120fdffd1c6b0aed88a003f53a') in 0.081913 seconds 
  Import took 0.086166 seconds .

========================================================================
Received Import Request.
  Time since last request: 34.442454 seconds.
  path: Assets/MiniGame/CheesyPuff_Minigame/CheesyPuff_Sprites/Dirt _2.png
  artifactKey: Guid(48816878a562b4eb2b642154ca85c7f3) Importer(815301076,1909f56bfc062723c751e8b465ee728b)
Start importing Assets/MiniGame/CheesyPuff_Minigame/CheesyPuff_Sprites/Dirt _2.png using Guid(48816878a562b4eb2b642154ca85c7f3) Importer(815301076,1909f56bfc062723c751e8b465ee728b)  -> (artifact id: 'c32ff98e8ff5dc0b7936eb9ef0442dfc') in 0.104158 seconds 
  Import took 0.108860 seconds .

========================================================================
Received Import Request.
  Time since last request: 6.380798 seconds.
  path: Assets/MiniGame/CheesyPuff_Minigame/CheesyPuff_Sprites/Dirt _2.png
  artifactKey: Guid(48816878a562b4eb2b642154ca85c7f3) Importer(815301076,1909f56bfc062723c751e8b465ee728b)
Start importing Assets/MiniGame/CheesyPuff_Minigame/CheesyPuff_Sprites/Dirt _2.png using Guid(48816878a562b4eb2b642154ca85c7f3) Importer(815301076,1909f56bfc062723c751e8b465ee728b)  -> (artifact id: '8c33bf1bd37af00a73fec082b1caf736') in 0.092421 seconds 
  Import took 0.096860 seconds .

========================================================================
Received Prepare
Registering precompiled user dll's ...
Registered in 0.004487 seconds.
Begin MonoManager ReloadAssembly
Native extension for WindowsStandalone target not found
Refreshing native plugins compatible for Editor in 0.45 ms, found 2 plugins.
Preloading 0 native plugins for Editor in 0.00 ms.
Mono: successfully reloaded assembly
- Completed reload, in  1.242 seconds
Domain Reload Profiling:
	ReloadAssembly (1242ms)
		BeginReloadAssembly (100ms)
			ExecutionOrderSort (0ms)
			DisableScriptedObjects (4ms)
			BackupInstance (0ms)
			ReleaseScriptingObjects (0ms)
			CreateAndSetChildDomain (31ms)
		EndReloadAssembly (1087ms)
			LoadAssemblies (81ms)
			RebuildTransferFunctionScriptingTraits (0ms)
			SetupTypeCache (283ms)
			ReleaseScriptCaches (2ms)
			RebuildScriptCaches (43ms)
			SetupLoadedEditorAssemblies (508ms)
				LogAssemblyErrors (0ms)
				InitializePlatformSupportModulesInManaged (4ms)
				SetLoadedEditorAssemblies (0ms)
				RefreshPlugins (0ms)
				BeforeProcessingInitializeOnLoad (90ms)
				ProcessInitializeOnLoadAttributes (403ms)
				ProcessInitializeOnLoadMethodAttributes (4ms)
				AfterProcessingInitializeOnLoad (6ms)
				EditorAssembliesLoaded (0ms)
			ExecutionOrderSort2 (0ms)
			AwakeInstancesAfterBackupRestoration (15ms)
Platform modules already initialized, skipping
Switching build target platform(19) subTarget(0) extendedPlatform(0) -> platform(9) subTarget(16777218) extendedPlatform(0)
Shader 'Universal Render Pipeline/Particles/Lit': fallback shader 'Universal Render Pipeline/Particles/SimpleLit' not found
Shader 'Universal Render Pipeline/Particles/Lit': fallback shader 'Universal Render Pipeline/Particles/SimpleLit' not found
Refreshing native plugins compatible for Editor in 0.45 ms, found 2 plugins.
Preloading 0 native plugins for Editor in 0.00 ms.
Unloading 2647 Unused Serialized files (Serialized files now loaded: 0)
System memory in use before: 125.0 MB.
System memory in use after: 122.3 MB.

Unloading 51 unused Assets to reduce memory usage. Loaded Objects now: 3288.
Total: 4.473300 ms (FindLiveObjects: 0.249500 ms CreateObjectMapping: 0.123600 ms MarkObjects: 2.711900 ms  DeleteObjects: 1.387600 ms)

AssetImportParameters requested are different than current active one (requested -> active):
  custom:framework-win-MediaFoundation: 216162199b28c13a410421893ffa2e32 -> 
  custom:video-decoder-ogg-theora: a1e56fd34408186e4bbccfd4996cb3dc -> 
  custom:container-muxer-webm: aa71ff27fc2769a1b78a27578f13a17b -> 
  custom:container-demuxer-webm: 4f35f7cbe854078d1ac9338744f61a02 -> 
  custom:container-demuxer-ogg: 62fdf1f143b41e24485cea50d1cbac27 -> 
  custom:video-encoder-webm-vp8: eb34c28f22e8b96e1ab97ce403110664 -> 
  custom:video-decoder-webm-vp8: 9c59270c3fd7afecdb556c50c9e8de78 -> 
  custom:graphics/normal-map-encoding: 01000000000000000000000000000000 -> 02000000000000000000000000000000
  custom:audio-decoder-ogg-vorbis: bf7c407c2cedff20999df2af8eb42d56 -> 
  custom:audio-encoder-webm-vorbis: bf7c407c2cedff20999df2af8eb42d56 -> 
========================================================================
Received Import Request.
  Time since last request: 36.083863 seconds.
  path: Assets/Shader/CarpetDEneme.mat
  artifactKey: Guid(05e656acdfb51cd48bd59d189082f6f0) Importer(815301076,1909f56bfc062723c751e8b465ee728b)
Start importing Assets/Shader/CarpetDEneme.mat using Guid(05e656acdfb51cd48bd59d189082f6f0) Importer(815301076,1909f56bfc062723c751e8b465ee728b)  -> (artifact id: '9f5772a2052bf9e6dc47ac859a436183') in 0.756475 seconds 
  Import took 0.761179 seconds .

========================================================================
Received Import Request.
  Time since last request: 0.000223 seconds.
  path: Assets/Settings/SampleSceneProfile.asset
  artifactKey: Guid(10fc4df2da32a41aaa32d77bc913491c) Importer(815301076,1909f56bfc062723c751e8b465ee728b)
Start importing Assets/Settings/SampleSceneProfile.asset using Guid(10fc4df2da32a41aaa32d77bc913491c) Importer(815301076,1909f56bfc062723c751e8b465ee728b)  -> (artifact id: 'd2b3f476ab718b1cf20d183dd9addfe7') in 0.016397 seconds 
  Import took 0.021413 seconds .

========================================================================
Received Import Request.
  Time since last request: 0.000173 seconds.
  path: Assets/Settings/UniversalRP-LowQuality.asset
  artifactKey: Guid(a31e9f9f9c9d4b9429ed0d1234e22103) Importer(815301076,1909f56bfc062723c751e8b465ee728b)
Start importing Assets/Settings/UniversalRP-LowQuality.asset using Guid(a31e9f9f9c9d4b9429ed0d1234e22103) Importer(815301076,1909f56bfc062723c751e8b465ee728b)  -> (artifact id: 'b226a0bb157262eadf686f6bb5b5f1f8') in 0.008462 seconds 
  Import took 0.013533 seconds .

========================================================================
Received Import Request.
  Time since last request: 0.000223 seconds.
  path: Assets/Settings/UniversalRP-MediumQuality.asset
  artifactKey: Guid(d847b876476d3d6468f5dfcd34266f96) Importer(815301076,1909f56bfc062723c751e8b465ee728b)
Start importing Assets/Settings/UniversalRP-MediumQuality.asset using Guid(d847b876476d3d6468f5dfcd34266f96) Importer(815301076,1909f56bfc062723c751e8b465ee728b)  -> (artifact id: 'd421f548a6507a11f25ec3578746e9c1') in 0.010483 seconds 
  Import took 0.015610 seconds .

========================================================================
Received Import Request.
  Time since last request: 0.000293 seconds.
  path: Assets/Settings/UniversalRP-HighQuality.asset
  artifactKey: Guid(19ba41d7c0026c3459d37c2fe90c55a0) Importer(815301076,1909f56bfc062723c751e8b465ee728b)
Start importing Assets/Settings/UniversalRP-HighQuality.asset using Guid(19ba41d7c0026c3459d37c2fe90c55a0) Importer(815301076,1909f56bfc062723c751e8b465ee728b)  -> (artifact id: '02e18c1f933b70f494440bf5e7626866') in 0.012282 seconds 
  Import took 0.016841 seconds .

========================================================================
Received Import Request.
  Time since last request: 0.000235 seconds.
  path: Assets/Settings/ForwardRenderer.asset
  artifactKey: Guid(4a8e21d5c33334b11b34a596161b9360) Importer(815301076,1909f56bfc062723c751e8b465ee728b)
Start importing Assets/Settings/ForwardRenderer.asset using Guid(4a8e21d5c33334b11b34a596161b9360) Importer(815301076,1909f56bfc062723c751e8b465ee728b)  -> (artifact id: '63cf95242464b0f1307a08bc2392aaaa') in 0.016159 seconds 
  Import took 0.022087 seconds .

========================================================================
Received Prepare
Registering precompiled user dll's ...
Registered in 0.004695 seconds.
Begin MonoManager ReloadAssembly
Native extension for WindowsStandalone target not found
Refreshing native plugins compatible for Editor in 0.49 ms, found 2 plugins.
Preloading 0 native plugins for Editor in 0.00 ms.
Mono: successfully reloaded assembly
- Completed reload, in  1.282 seconds
Domain Reload Profiling:
	ReloadAssembly (1283ms)
		BeginReloadAssembly (118ms)
			ExecutionOrderSort (0ms)
			DisableScriptedObjects (7ms)
			BackupInstance (0ms)
			ReleaseScriptingObjects (0ms)
			CreateAndSetChildDomain (37ms)
		EndReloadAssembly (1105ms)
			LoadAssemblies (84ms)
			RebuildTransferFunctionScriptingTraits (0ms)
			SetupTypeCache (278ms)
			ReleaseScriptCaches (1ms)
			RebuildScriptCaches (41ms)
			SetupLoadedEditorAssemblies (531ms)
				LogAssemblyErrors (0ms)
				InitializePlatformSupportModulesInManaged (4ms)
				SetLoadedEditorAssemblies (0ms)
				RefreshPlugins (1ms)
				BeforeProcessingInitializeOnLoad (88ms)
				ProcessInitializeOnLoadAttributes (426ms)
				ProcessInitializeOnLoadMethodAttributes (5ms)
				AfterProcessingInitializeOnLoad (7ms)
				EditorAssembliesLoaded (0ms)
			ExecutionOrderSort2 (0ms)
			AwakeInstancesAfterBackupRestoration (15ms)
Platform modules already initialized, skipping
Switching build target platform(19) subTarget(0) extendedPlatform(0) -> platform(9) subTarget(16777218) extendedPlatform(0)
Shader 'Universal Render Pipeline/Particles/Lit': fallback shader 'Universal Render Pipeline/Particles/SimpleLit' not found
Shader 'Universal Render Pipeline/Particles/Lit': fallback shader 'Universal Render Pipeline/Particles/SimpleLit' not found
Refreshing native plugins compatible for Editor in 0.48 ms, found 2 plugins.
Preloading 0 native plugins for Editor in 0.00 ms.
Unloading 2649 Unused Serialized files (Serialized files now loaded: 0)
System memory in use before: 125.3 MB.
System memory in use after: 122.5 MB.

Unloading 51 unused Assets to reduce memory usage. Loaded Objects now: 3329.
Total: 4.488300 ms (FindLiveObjects: 0.242200 ms CreateObjectMapping: 0.118200 ms MarkObjects: 2.726700 ms  DeleteObjects: 1.400400 ms)

AssetImportParameters requested are different than current active one (requested -> active):
  custom:framework-win-MediaFoundation: 216162199b28c13a410421893ffa2e32 -> 
  custom:video-decoder-ogg-theora: a1e56fd34408186e4bbccfd4996cb3dc -> 
  custom:container-muxer-webm: aa71ff27fc2769a1b78a27578f13a17b -> 
  custom:container-demuxer-webm: 4f35f7cbe854078d1ac9338744f61a02 -> 
  custom:container-demuxer-ogg: 62fdf1f143b41e24485cea50d1cbac27 -> 
  custom:video-encoder-webm-vp8: eb34c28f22e8b96e1ab97ce403110664 -> 
  custom:video-decoder-webm-vp8: 9c59270c3fd7afecdb556c50c9e8de78 -> 
  custom:graphics/normal-map-encoding: 01000000000000000000000000000000 -> 02000000000000000000000000000000
  custom:audio-decoder-ogg-vorbis: bf7c407c2cedff20999df2af8eb42d56 -> 
  custom:audio-encoder-webm-vorbis: bf7c407c2cedff20999df2af8eb42d56 -> 
AssetImportWorkerClient::OnTransportError - code=2 error=End of file
